2023-12-19 23:15:34,480 [INFO] Activator:176 - 


2023-12-19 23:15:34,480 [INFO] Activator:177 - !SESSION log4j initialized
2023-12-19 23:15:37,644 [INFO] LogOutputStream:77 - [STDOUT_REDIRECT] 
2023-12-19 23:15:39,460 [INFO] ApplicationProperties:184 - Using Application install path: C:\Program Files (x86)\STM32CubeIDE_1.13.1\STM32CubeIDE\plugins\com.st.stm32cube.common.mx_6.9.1.202307191849
2023-12-19 23:15:39,486 [INFO] DbMcusXml:78 - Set database path to: C:\Program Files (x86)\STM32CubeIDE_1.13.1\STM32CubeIDE\plugins\com.st.stm32cube.common.mx_6.9.1.202307191849\\db\/mcu/
2023-12-19 23:15:39,487 [INFO] ApiDb:274 - Set plugin database path to: C:\Program Files (x86)\STM32CubeIDE_1.13.1\STM32CubeIDE\plugins\com.st.stm32cube.common.mx_6.9.1.202307191849\\db\/plugins/boardmanager/
2023-12-19 23:15:39,487 [WARN] ApiDb:259 - Overriding images path with different value:  => C:\Program Files (x86)\STM32CubeIDE_1.13.1\STM32CubeIDE\plugins\com.st.stm32cube.common.mx_6.9.1.202307191849\\db\/plugins/mcufinder/images/
2023-12-19 23:15:39,500 [INFO] ApiDb:250 - Set database path to: C:\Users\DELL\.stmcufinder\plugins\mcufinder//mcu/
2023-12-19 23:15:39,502 [INFO] DbMcusAds:125 - Set database path to: C:\Users\DELL\.stmcufinder\plugins\mcufinder//mcu/
2023-12-19 23:15:39,505 [INFO] CrossReferenceDbSqlite:203 - Set database path to: C:\Users\DELL\.stmcufinder\plugins\mcufinder//mcu/cs/
2023-12-19 23:15:39,630 [INFO] RulesReader:64 - Compatibility file has been processed (293 Rules)
2023-12-19 23:15:39,718 [INFO] DbMcusXml:78 - Set database path to: C:\Program Files (x86)\STM32CubeIDE_1.13.1\STM32CubeIDE\plugins\com.st.stm32cube.common.mx_6.9.1.202307191849\\db\/mcu/
2023-12-19 23:15:39,718 [INFO] ApiDb:274 - Set plugin database path to: C:\Program Files (x86)\STM32CubeIDE_1.13.1\STM32CubeIDE\plugins\com.st.stm32cube.common.mx_6.9.1.202307191849\\db\/plugins/boardmanager/
2023-12-19 23:15:39,718 [INFO] ApiDb:261 - Set plugin images path to: C:\Program Files (x86)\STM32CubeIDE_1.13.1\STM32CubeIDE\plugins\com.st.stm32cube.common.mx_6.9.1.202307191849\\db\/plugins/mcufinder/images/
2023-12-19 23:15:39,719 [WARN] DbFile:41 - Overriding database path with different value: C:\Users\DELL\.stmcufinder\plugins\mcufinder/ => C:\Users\DELL\.stmcufinder\plugins\mcufinder
2023-12-19 23:15:39,719 [INFO] ApiDb:250 - Set database path to: C:\Users\DELL\.stmcufinder\plugins\mcufinder//mcu/
2023-12-19 23:15:39,719 [WARN] DbFile:41 - Overriding database path with different value: C:\Users\DELL\.stmcufinder\plugins\mcufinder/ => C:\Users\DELL\.stmcufinder\plugins\mcufinder
2023-12-19 23:15:39,719 [INFO] DbMcusAds:125 - Set database path to: C:\Users\DELL\.stmcufinder\plugins\mcufinder//mcu/
2023-12-19 23:15:39,719 [WARN] DbFile:41 - Overriding database path with different value: C:\Users\DELL\.stmcufinder\plugins\mcufinder/ => C:\Users\DELL\.stmcufinder\plugins\mcufinder
2023-12-19 23:15:39,719 [WARN] DbFile:41 - Overriding database path with different value: C:\Users\DELL\.stmcufinder\plugins\mcufinder/ => C:\Users\DELL\.stmcufinder\plugins\mcufinder
2023-12-19 23:15:39,719 [INFO] CrossReferenceDbSqlite:203 - Set database path to: C:\Users\DELL\.stmcufinder\plugins\mcufinder//mcu/cs/
2023-12-19 23:15:39,814 [INFO] MainPanel:262 - HeapMemory: 268435456
2023-12-19 23:15:39,944 [INFO] DbMcusXml:78 - Set database path to: C:\Program Files (x86)\STM32CubeIDE_1.13.1\STM32CubeIDE\plugins\com.st.stm32cube.common.mx_6.9.1.202307191849\\db\/mcu/
2023-12-19 23:15:39,944 [INFO] ApiDb:274 - Set plugin database path to: C:\Program Files (x86)\STM32CubeIDE_1.13.1\STM32CubeIDE\plugins\com.st.stm32cube.common.mx_6.9.1.202307191849\\db\/plugins/boardmanager/
2023-12-19 23:15:39,944 [INFO] ApiDb:261 - Set plugin images path to: C:\Program Files (x86)\STM32CubeIDE_1.13.1\STM32CubeIDE\plugins\com.st.stm32cube.common.mx_6.9.1.202307191849\\db\/plugins/mcufinder/images/
2023-12-19 23:15:39,945 [WARN] DbFile:41 - Overriding database path with different value: C:\Users\DELL\.stmcufinder\plugins\mcufinder/ => C:\Users\DELL\.stmcufinder\plugins\mcufinder
2023-12-19 23:15:39,945 [INFO] ApiDb:250 - Set database path to: C:\Users\DELL\.stmcufinder\plugins\mcufinder//mcu/
2023-12-19 23:15:39,945 [WARN] DbFile:41 - Overriding database path with different value: C:\Users\DELL\.stmcufinder\plugins\mcufinder/ => C:\Users\DELL\.stmcufinder\plugins\mcufinder
2023-12-19 23:15:39,945 [INFO] DbMcusAds:125 - Set database path to: C:\Users\DELL\.stmcufinder\plugins\mcufinder//mcu/
2023-12-19 23:15:39,945 [WARN] DbFile:41 - Overriding database path with different value: C:\Users\DELL\.stmcufinder\plugins\mcufinder/ => C:\Users\DELL\.stmcufinder\plugins\mcufinder
2023-12-19 23:15:39,945 [WARN] DbFile:41 - Overriding database path with different value: C:\Users\DELL\.stmcufinder\plugins\mcufinder/ => C:\Users\DELL\.stmcufinder\plugins\mcufinder
2023-12-19 23:15:39,945 [INFO] CrossReferenceDbSqlite:203 - Set database path to: C:\Users\DELL\.stmcufinder\plugins\mcufinder//mcu/cs/
2023-12-19 23:15:39,965 [INFO] ApplicationProperties:184 - Using Application install path: C:\Program Files (x86)\STM32CubeIDE_1.13.1\STM32CubeIDE\plugins\com.st.stm32cube.common.mx_6.9.1.202307191849
2023-12-19 23:15:39,966 [INFO] PluginManage:196 - Search for loadable plugins [exclusion list=, ]
2023-12-19 23:15:39,967 [INFO] PluginManage:310 - Check plugin analytics
2023-12-19 23:15:40,141 [INFO] AnalyticsPlugin:253 - Accepted Software Licenses: 
2023-12-19 23:15:40,141 [INFO] AnalyticsPlugin:255 - Accepted CMSIS Pack Licenses: 
2023-12-19 23:15:40,142 [INFO] AnalyticsPlugin:257 - Accepted Firmware Licenses: 
2023-12-19 23:15:40,145 [INFO] PluginManage:359 - Loaded plugin analytics (category:tool,tabindex:-1)
2023-12-19 23:15:40,145 [INFO] PluginManage:310 - Check plugin cadmodel
2023-12-19 23:15:40,159 [INFO] CADModel:105 - Init CAD model plugin
2023-12-19 23:15:40,159 [INFO] PluginManage:359 - Loaded plugin cadmodel (category:power,tabindex:5)
2023-12-19 23:15:40,159 [INFO] PluginManage:310 - Check plugin clock
2023-12-19 23:15:40,179 [INFO] PluginManage:359 - Loaded plugin clock (category:base,tabindex:2)
2023-12-19 23:15:40,179 [INFO] PluginManage:310 - Check plugin ddr
2023-12-19 23:15:40,183 [INFO] PluginManage:359 - Loaded plugin ddr (category:tool,tabindex:6)
2023-12-19 23:15:40,185 [INFO] PluginManage:310 - Check plugin filemanager
2023-12-19 23:15:40,325 [INFO] PluginManage:359 - Loaded plugin filemanager (category:base,tabindex:10)
2023-12-19 23:15:40,326 [INFO] PluginManage:310 - Check plugin ipmanager
2023-12-19 23:15:40,333 [INFO] PluginManage:359 - Loaded plugin ipmanager (category:base,tabindex:5)
2023-12-19 23:15:40,334 [INFO] PluginManage:310 - Check plugin lpbam
2023-12-19 23:15:40,350 [INFO] PluginManage:359 - Loaded plugin lpbam (category:base,tabindex:0)
2023-12-19 23:15:40,351 [INFO] PluginManage:310 - Check plugin memorymap
2023-12-19 23:15:40,376 [INFO] PluginManage:359 - Loaded plugin memorymap (category:base,tabindex:4)
2023-12-19 23:15:40,376 [INFO] PluginManage:310 - Check plugin pinoutandconfiguration
2023-12-19 23:15:40,393 [INFO] PluginManage:359 - Loaded plugin pinoutandconfiguration (category:base,tabindex:1)
2023-12-19 23:15:40,393 [INFO] PluginManage:310 - Check plugin pinoutconfig
2023-12-19 23:15:40,518 [WARN] SupportedApi:132 - Cannot load RTOS API schema: s4s-elt-must-match.1: The content of 'definitions' must match (annotation?, (simpleType | complexType)?, (unique | key | keyref)*)). A problem was found starting at: attribute.
2023-12-19 23:15:40,660 [INFO] PluginManage:359 - Loaded plugin pinoutconfig (category:base,tabindex:0)
2023-12-19 23:15:40,660 [INFO] PluginManage:310 - Check plugin power
2023-12-19 23:15:40,685 [INFO] PluginManage:359 - Loaded plugin power (category:power,tabindex:4)
2023-12-19 23:15:40,685 [INFO] PluginManage:310 - Check plugin projectmanager
2023-12-19 23:15:40,698 [INFO] PluginManage:359 - Loaded plugin projectmanager (category:projectmanager,tabindex:3)
2023-12-19 23:15:40,698 [INFO] PluginManage:310 - Check plugin thirdparty
2023-12-19 23:15:40,969 [INFO] PluginManage:359 - Loaded plugin thirdparty (category:base,tabindex:-1)
2023-12-19 23:15:40,970 [INFO] PluginManage:310 - Check plugin tools
2023-12-19 23:15:40,969 [WARN] IntegrityCheckThread:84 - waiting for thirdparty lock release [integrity check]
2023-12-19 23:15:40,970 [INFO] IntegrityCheckThread:86 - entering critical section [integrity check]
2023-12-19 23:15:40,970 [INFO] ThirdPartyUpdaterWithRetryManager:70 - Updater plugin not ready yet. [1/15]
2023-12-19 23:15:40,999 [INFO] PluginManage:359 - Loaded plugin tools (category:base,tabindex:7)
2023-12-19 23:15:41,000 [INFO] PluginManage:310 - Check plugin tutovideos
2023-12-19 23:15:41,233 [INFO] PluginManage:359 - Loaded plugin tutovideos (category:base,tabindex:-1)
2023-12-19 23:15:41,233 [INFO] PluginManage:310 - Check plugin updater
2023-12-19 23:15:41,245 [INFO] PluginManage:359 - Loaded plugin updater (category:base,tabindex:12)
2023-12-19 23:15:41,246 [INFO] PluginManage:310 - Check plugin userauth
2023-12-19 23:15:41,251 [INFO] UserAuth:113 - Init User Auth plugin
2023-12-19 23:15:41,252 [INFO] PluginManage:359 - Loaded plugin userauth (category:base,tabindex:14)
2023-12-19 23:15:41,252 [INFO] PluginManage:283 - PluginManage : Loaded plugins [17]
2023-12-19 23:15:41,488 [INFO] PinOutPanel:1499 - setPackage(No Configuration,No Configuration)
2023-12-19 23:15:41,607 [INFO] CADModel:165 - CPN selected for project level
2023-12-19 23:15:41,607 [INFO] CADModel:114 - Register for checkConnection events
2023-12-19 23:15:41,633 [INFO] IPUIPlugin:80 - create IPUIPlugin
2023-12-19 23:15:41,633 [INFO] PluginManager:220 - loadIPPluginJar : add adc
2023-12-19 23:15:41,661 [INFO] IPUIPlugin:80 - create IPUIPlugin
2023-12-19 23:15:41,662 [INFO] PluginManager:220 - loadIPPluginJar : add aes
2023-12-19 23:15:41,696 [INFO] IPUIPlugin:80 - create IPUIPlugin
2023-12-19 23:15:41,696 [INFO] PluginManager:220 - loadIPPluginJar : add can
2023-12-19 23:15:41,715 [INFO] IPUIPlugin:80 - create IPUIPlugin
2023-12-19 23:15:41,715 [INFO] PluginManager:220 - loadIPPluginJar : add comp
2023-12-19 23:15:41,744 [INFO] IPUIPlugin:80 - create IPUIPlugin
2023-12-19 23:15:41,744 [INFO] PluginManager:220 - loadIPPluginJar : add cryp
2023-12-19 23:15:41,774 [INFO] IPUIPlugin:80 - create IPUIPlugin
2023-12-19 23:15:41,774 [INFO] PluginManager:220 - loadIPPluginJar : add dfsdm
2023-12-19 23:15:41,787 [INFO] IPUIPlugin:80 - create IPUIPlugin
2023-12-19 23:15:41,788 [INFO] PluginManager:220 - loadIPPluginJar : add dma
2023-12-19 23:15:41,823 [INFO] IPUIPlugin:80 - create IPUIPlugin
2023-12-19 23:15:41,823 [INFO] PluginManager:220 - loadIPPluginJar : add dma3
2023-12-19 23:15:41,841 [INFO] IPUIPlugin:80 - create IPUIPlugin
2023-12-19 23:15:41,841 [INFO] PluginManager:220 - loadIPPluginJar : add fatfs
2023-12-19 23:15:41,884 [INFO] IPUIPlugin:80 - create IPUIPlugin
2023-12-19 23:15:41,886 [INFO] PluginManager:220 - loadIPPluginJar : add fmc
2023-12-19 23:15:41,899 [INFO] IPUIPlugin:80 - create IPUIPlugin
2023-12-19 23:15:41,899 [INFO] PluginManager:220 - loadIPPluginJar : add freertos
2023-12-19 23:15:41,916 [INFO] IPUIPlugin:80 - create IPUIPlugin
2023-12-19 23:15:41,916 [INFO] PluginManager:220 - loadIPPluginJar : add genericplugin
2023-12-19 23:15:41,992 [INFO] IPUIPlugin:80 - create IPUIPlugin
2023-12-19 23:15:41,992 [INFO] PluginManager:220 - loadIPPluginJar : add gfxmmu
2023-12-19 23:15:42,094 [INFO] IPUIPlugin:80 - create IPUIPlugin
2023-12-19 23:15:42,094 [INFO] PluginManager:220 - loadIPPluginJar : add gic
2023-12-19 23:15:42,105 [INFO] IPUIPlugin:80 - create IPUIPlugin
2023-12-19 23:15:42,105 [INFO] PluginManager:220 - loadIPPluginJar : add gpio
2023-12-19 23:15:42,179 [INFO] IPUIPlugin:80 - create IPUIPlugin
2023-12-19 23:15:42,180 [INFO] PluginManager:220 - loadIPPluginJar : add gtzc
2023-12-19 23:15:42,205 [INFO] IPUIPlugin:80 - create IPUIPlugin
2023-12-19 23:15:42,205 [INFO] PluginManager:220 - loadIPPluginJar : add hash
2023-12-19 23:15:42,245 [INFO] IPUIPlugin:80 - create IPUIPlugin
2023-12-19 23:15:42,245 [INFO] PluginManager:220 - loadIPPluginJar : add i2c
2023-12-19 23:15:42,278 [INFO] IPUIPlugin:80 - create IPUIPlugin
2023-12-19 23:15:42,278 [INFO] PluginManager:220 - loadIPPluginJar : add i2s
2023-12-19 23:15:42,309 [INFO] IPUIPlugin:80 - create IPUIPlugin
2023-12-19 23:15:42,309 [INFO] PluginManager:220 - loadIPPluginJar : add i3c
2023-12-19 23:15:42,394 [INFO] IPUIPlugin:80 - create IPUIPlugin
2023-12-19 23:15:42,394 [INFO] PluginManager:220 - loadIPPluginJar : add ipddr
2023-12-19 23:15:42,478 [INFO] IPUIPlugin:80 - create IPUIPlugin
2023-12-19 23:15:42,478 [INFO] PluginManager:220 - loadIPPluginJar : add linkedlist
2023-12-19 23:15:42,505 [INFO] IPUIPlugin:80 - create IPUIPlugin
2023-12-19 23:15:42,505 [INFO] PluginManager:220 - loadIPPluginJar : add lorawan
2023-12-19 23:15:42,532 [INFO] IPUIPlugin:80 - create IPUIPlugin
2023-12-19 23:15:42,532 [INFO] PluginManager:220 - loadIPPluginJar : add ltdc
2023-12-19 23:15:42,546 [INFO] IPUIPlugin:80 - create IPUIPlugin
2023-12-19 23:15:42,546 [INFO] PluginManager:220 - loadIPPluginJar : add mdma
2023-12-19 23:15:42,557 [INFO] IPUIPlugin:80 - create IPUIPlugin
2023-12-19 23:15:42,557 [INFO] PluginManager:220 - loadIPPluginJar : add nvic
2023-12-19 23:15:42,586 [INFO] IPUIPlugin:80 - create IPUIPlugin
2023-12-19 23:15:42,586 [INFO] PluginManager:220 - loadIPPluginJar : add opamp
2023-12-19 23:15:42,632 [INFO] IPUIPlugin:80 - create IPUIPlugin
2023-12-19 23:15:42,632 [INFO] PluginManager:220 - loadIPPluginJar : add openamp
2023-12-19 23:15:42,665 [INFO] IPUIPlugin:80 - create IPUIPlugin
2023-12-19 23:15:42,665 [INFO] PluginManager:220 - loadIPPluginJar : add pdm2pcm
2023-12-19 23:15:42,679 [INFO] IPUIPlugin:80 - create IPUIPlugin
2023-12-19 23:15:42,681 [INFO] PluginManager:220 - loadIPPluginJar : add plateformsettings
2023-12-19 23:15:42,698 [INFO] IPUIPlugin:80 - create IPUIPlugin
2023-12-19 23:15:42,698 [INFO] PluginManager:220 - loadIPPluginJar : add quadspi
2023-12-19 23:15:42,709 [INFO] IPUIPlugin:80 - create IPUIPlugin
2023-12-19 23:15:42,709 [INFO] PluginManager:220 - loadIPPluginJar : add resmgrutility
2023-12-19 23:15:42,748 [INFO] IPUIPlugin:80 - create IPUIPlugin
2023-12-19 23:15:42,749 [INFO] PluginManager:220 - loadIPPluginJar : add sai
2023-12-19 23:15:42,778 [INFO] IPUIPlugin:80 - create IPUIPlugin
2023-12-19 23:15:42,778 [INFO] PluginManager:220 - loadIPPluginJar : add spi
2023-12-19 23:15:42,826 [INFO] IPUIPlugin:80 - create IPUIPlugin
2023-12-19 23:15:42,827 [INFO] PluginManager:220 - loadIPPluginJar : add stm32_wpan
2023-12-19 23:15:42,845 [INFO] IPUIPlugin:80 - create IPUIPlugin
2023-12-19 23:15:42,845 [INFO] PluginManager:220 - loadIPPluginJar : add tim
2023-12-19 23:15:42,891 [INFO] IPUIPlugin:80 - create IPUIPlugin
2023-12-19 23:15:42,891 [INFO] PluginManager:220 - loadIPPluginJar : add touchsensing
2023-12-19 23:15:42,910 [INFO] IPUIPlugin:80 - create IPUIPlugin
2023-12-19 23:15:42,910 [INFO] PluginManager:220 - loadIPPluginJar : add tracer_emb
2023-12-19 23:15:42,928 [INFO] IPUIPlugin:80 - create IPUIPlugin
2023-12-19 23:15:42,928 [INFO] PluginManager:220 - loadIPPluginJar : add ts
2023-12-19 23:15:42,946 [INFO] IPUIPlugin:80 - create IPUIPlugin
2023-12-19 23:15:42,946 [INFO] PluginManager:220 - loadIPPluginJar : add tsc
2023-12-19 23:15:42,963 [INFO] IPUIPlugin:80 - create IPUIPlugin
2023-12-19 23:15:42,963 [INFO] PluginManager:220 - loadIPPluginJar : add ucpd
2023-12-19 23:15:42,998 [INFO] IPUIPlugin:80 - create IPUIPlugin
2023-12-19 23:15:42,998 [INFO] PluginManager:220 - loadIPPluginJar : add usart
2023-12-19 23:15:43,036 [INFO] IPUIPlugin:80 - create IPUIPlugin
2023-12-19 23:15:43,036 [INFO] PluginManager:220 - loadIPPluginJar : add usbx
2023-12-19 23:15:43,151 [INFO] CADModel:165 - CPN selected for project level
2023-12-19 23:15:43,151 [INFO] CADModel:114 - Register for checkConnection events
2023-12-19 23:15:43,151 [FATAL] Updater:308 - Updater called before beeing initialized
2023-12-19 23:15:43,152 [ERROR] CADModel:125 - Updater not yet initialized, retry later 
2023-12-19 23:15:43,297 [INFO] CADModel:165 - CPN selected for project level
2023-12-19 23:15:43,298 [INFO] CADModel:114 - Register for checkConnection events
2023-12-19 23:15:43,298 [FATAL] Updater:308 - Updater called before beeing initialized
2023-12-19 23:15:43,298 [ERROR] CADModel:125 - Updater not yet initialized, retry later 
2023-12-19 23:15:43,301 [FATAL] Updater:308 - Updater called before beeing initialized
2023-12-19 23:15:43,390 [FATAL] Updater:308 - Updater called before beeing initialized
2023-12-19 23:15:43,400 [INFO] DbMcusAds:53 - JSON generation date=Tue Mar 07 15:50:55 ICT 2023 (1678179055114)
2023-12-19 23:15:43,400 [FATAL] Updater:308 - Updater called before beeing initialized
2023-12-19 23:15:43,475 [WARN] DetailPanel:346 - Failed to get advertising image, set to default
2023-12-19 23:15:43,551 [FATAL] Updater:308 - Updater called before beeing initialized
2023-12-19 23:15:43,553 [FATAL] Updater:308 - Updater called before beeing initialized
2023-12-19 23:15:43,553 [FATAL] Updater:308 - Updater called before beeing initialized
2023-12-19 23:15:43,554 [WARN] DetailPanel:346 - Failed to get advertising image, set to default
2023-12-19 23:15:43,554 [FATAL] Updater:308 - Updater called before beeing initialized
2023-12-19 23:15:43,608 [ERROR] Updater:1120 - MainUpdater not yet initialized. External WinMGr cannot be set.
2023-12-19 23:15:43,618 [INFO] Updater:1056 - Updater Version found : 6.9.1
2023-12-19 23:15:43,641 [INFO] ApplicationProperties:184 - Using Application install path: C:\Program Files (x86)\STM32CubeIDE_1.13.1\STM32CubeIDE\plugins\com.st.stm32cube.common.mx_6.9.1.202307191849
2023-12-19 23:15:43,807 [INFO] MainUpdater:2868 - connection check result : 10
2023-12-19 23:15:43,808 [INFO] MainUpdater:3562 - Updater definition file requires update
2023-12-19 23:15:43,808 [INFO] MainUpdater:285 - Updater Check For Update Now.
2023-12-19 23:15:43,809 [INFO] MicroXplorer:498 - Change Database Version : DB.6.0.91
2023-12-19 23:15:43,825 [INFO] McuFinderGlobals:63 - Set McuFinder mode to 2 (CubeIDE integrated)
2023-12-19 23:15:43,972 [WARN] MainUpdater:1189 - Updater busy. Cannot search thirdparties
2023-12-19 23:15:43,973 [INFO] ThirdPartyUpdaterWithRetryManager:96 - Updater plugin is busy. [1/15]
2023-12-19 23:15:44,076 [INFO] ServerAccessManage:473 - Download File updaters.zip
2023-12-19 23:15:44,335 [INFO] FileExtend:240 - Unzip File : updaters.zip
2023-12-19 23:15:44,336 [INFO] FileExtend:255 - Standard Zip Deflate
2023-12-19 23:15:44,900 [INFO] ServerAccessManage:473 - Download File PacksControlFlags.xml
2023-12-19 23:15:45,104 [INFO] ServerAccessManage:473 - Download File cubemx.pidx
2023-12-19 23:15:45,714 [INFO] ServerAccessManage:473 - Download File STMicroelectronics.FP-SNS-MOTENVWB1.pdsc
2023-12-19 23:15:46,531 [INFO] ServerAccessManage:473 - Download File STMicroelectronics.X-CUBE-ISPU.pdsc
2023-12-19 23:15:46,973 [WARN] MainUpdater:1189 - Updater busy. Cannot search thirdparties
2023-12-19 23:15:46,973 [INFO] ThirdPartyUpdaterWithRetryManager:96 - Updater plugin is busy. [2/15]
2023-12-19 23:15:49,198 [INFO] ServerAccessManage:473 - Download File STMicroelectronics.X-CUBE-TOUCHGFX.pdsc
2023-12-19 23:15:49,974 [WARN] MainUpdater:1189 - Updater busy. Cannot search thirdparties
2023-12-19 23:15:49,974 [INFO] ThirdPartyUpdaterWithRetryManager:96 - Updater plugin is busy. [3/15]
2023-12-19 23:15:52,977 [WARN] MainUpdater:1189 - Updater busy. Cannot search thirdparties
2023-12-19 23:15:52,977 [INFO] ThirdPartyUpdaterWithRetryManager:96 - Updater plugin is busy. [4/15]
2023-12-19 23:15:55,978 [WARN] MainUpdater:1189 - Updater busy. Cannot search thirdparties
2023-12-19 23:15:55,978 [INFO] ThirdPartyUpdaterWithRetryManager:96 - Updater plugin is busy. [5/15]
2023-12-19 23:15:57,103 [INFO] ServerAccessManage:473 - Download File STMicroelectronics.X-CUBE-AZRTOS-H7.pdsc
2023-12-19 23:15:58,979 [WARN] MainUpdater:1189 - Updater busy. Cannot search thirdparties
2023-12-19 23:15:58,980 [INFO] ThirdPartyUpdaterWithRetryManager:96 - Updater plugin is busy. [6/15]
2023-12-19 23:16:00,808 [ERROR] ServerAccessManage:1096 - Problem, Http access forbiden
2023-12-19 23:16:00,809 [ERROR] ServerAccessManage:651 - Problem, Http access forbiden : RoweBots.I-CUBE-UNISONRTOS.pdsc.
2023-12-19 23:16:00,996 [WARN] PackLoader:240 - Cannot read IP mode file for STMicroelectronics.FP-SNS-MOTENVWB1.1.3.1
2023-12-19 23:16:01,009 [WARN] PackLoader:240 - Cannot read IP mode file for STMicroelectronics.X-CUBE-ISPU.2.0.0
2023-12-19 23:16:01,014 [WARN] PackLoader:240 - Cannot read IP mode file for STMicroelectronics.X-CUBE-TOUCHGFX.4.23.0
2023-12-19 23:16:01,059 [WARN] PackLoader:240 - Cannot read IP mode file for STMicroelectronics.X-CUBE-AZRTOS-H7.3.2.0
2023-12-19 23:16:01,066 [INFO] PopulateThirdPartyThread:66 - Ending populate Thread
2023-12-19 23:16:01,068 [INFO] ThirdParty:1030 - CMSIS Pack Vendor :STMicroelectronics FP-SNS-MOTENVWB1 1.3.1
2023-12-19 23:16:01,068 [INFO] ThirdParty:1030 - CMSIS Pack Vendor :STMicroelectronics X-CUBE-TOUCHGFX 4.23.0
2023-12-19 23:16:01,068 [INFO] ThirdParty:1030 - CMSIS Pack Vendor :STMicroelectronics X-CUBE-AZRTOS-H7 3.2.0
2023-12-19 23:16:01,069 [INFO] ThirdParty:1030 - CMSIS Pack Vendor :STMicroelectronics X-CUBE-ISPU 2.0.0
2023-12-19 23:16:01,069 [INFO] LoadServerUpdatesThread:373 - End of LoadServerUpdate Thread
2023-12-19 23:16:01,126 [INFO] CheckServerUpdateThread:120 - End of CheckServer Thread
2023-12-19 23:16:02,116 [WARN] PackLoader:240 - Cannot read IP mode file for STMicroelectronics.X-CUBE-SMBUS.2.1.0
2023-12-19 23:16:02,119 [WARN] PackLoader:240 - Cannot read IP mode file for STMicroelectronics.X-CUBE-TOUCHGFX.4.23.0
2023-12-19 23:16:02,150 [WARN] PackLoader:240 - Cannot read IP mode file for STMicroelectronics.X-CUBE-AZRTOS-F7.1.1.0
2023-12-19 23:16:02,168 [WARN] PackLoader:240 - Cannot read IP mode file for STMicroelectronics.FP-SNS-MOTENV1.4.3.2
2023-12-19 23:16:02,176 [WARN] PackLoader:240 - Cannot read IP mode file for STMicroelectronics.FP-SNS-FLIGHT1.5.0.2
2023-12-19 23:16:02,193 [WARN] PackLoader:240 - Cannot read IP mode file for STMicroelectronics.X-CUBE-DISPLAY.3.0.0
2023-12-19 23:16:02,213 [WARN] PackLoader:240 - Cannot read IP mode file for STMicroelectronics.X-CUBE-BLE1.7.0.0
2023-12-19 23:16:02,225 [WARN] PackLoader:240 - Cannot read IP mode file for emotas.I-CUBE-CANOPEN.1.3.0
2023-12-19 23:16:02,235 [WARN] PackLoader:240 - Cannot read IP mode file for STMicroelectronics.X-CUBE-TOUCHGFX.4.22.0
2023-12-19 23:16:02,245 [WARN] PackLoader:240 - Cannot read IP mode file for STMicroelectronics.X-CUBE-TOUCHGFX.4.22.1
2023-12-19 23:16:02,255 [WARN] PackLoader:240 - Cannot read IP mode file for STMicroelectronics.FP-SNS-SMARTAG2.1.2.0
2023-12-19 23:16:02,275 [INFO] LogOutputStream:77 - [STDOUT_REDIRECT] 1 : Invalid condition id : UX_CORESTACK_Condition cause : null
2023-12-19 23:16:02,275 [INFO] LogOutputStream:77 - [STDOUT_REDIRECT] 1 : Invalid condition id : UX_CORESTACK_Condition cause : null
2023-12-19 23:16:02,276 [INFO] LogOutputStream:77 - [STDOUT_REDIRECT] 1 : Invalid condition id : UX_CORESTACK_Condition cause : null
2023-12-19 23:16:02,277 [INFO] LogOutputStream:77 - [STDOUT_REDIRECT] 1 : Invalid condition id : UX_CORESTACK_Condition cause : null
2023-12-19 23:16:02,278 [INFO] LogOutputStream:77 - [STDOUT_REDIRECT] 1 : Invalid condition id : UX_CORESTACK_Condition cause : null
2023-12-19 23:16:02,281 [WARN] PackLoader:240 - Cannot read IP mode file for STMicroelectronics.X-CUBE-AZRTOS-WL.2.0.0
2023-12-19 23:16:02,296 [WARN] PackLoader:240 - Cannot read IP mode file for WES.I-CUBE-Cesium.1.3.0
2023-12-19 23:16:02,306 [WARN] PackLoader:240 - Cannot read IP mode file for STMicroelectronics.X-CUBE-BLE2.3.3.0
2023-12-19 23:16:02,319 [WARN] PackLoader:240 - Cannot read IP mode file for STMicroelectronics.X-CUBE-ALGOBUILD.1.3.0
2023-12-19 23:16:02,347 [WARN] PackLoader:240 - Cannot read IP mode file for STMicroelectronics.X-CUBE-AZRTOS-G0.1.1.0
2023-12-19 23:16:02,365 [WARN] PackLoader:240 - Cannot read IP mode file for STMicroelectronics.X-CUBE-NFC4.3.0.0
2023-12-19 23:16:02,384 [WARN] PackLoader:240 - Cannot read IP mode file for STMicroelectronics.X-CUBE-BLEMGR.3.0.0
2023-12-19 23:16:02,391 [WARN] PackLoader:240 - Cannot read IP mode file for STMicroelectronics.FP-ATR-SIGFOX1.3.2.0
2023-12-19 23:16:02,428 [WARN] PackLoader:240 - Cannot read IP mode file for SEGGER.I-CUBE-embOS.1.3.1
2023-12-19 23:16:02,487 [WARN] PackLoader:240 - Cannot read IP mode file for STMicroelectronics.X-CUBE-GNSS1.6.0.0
2023-12-19 23:16:02,514 [WARN] PackLoader:240 - Cannot read IP mode file for STMicroelectronics.X-CUBE-AZRTOS-F4.1.1.0
2023-12-19 23:16:02,528 [WARN] PackLoader:240 - Cannot read IP mode file for wolfSSL.I-CUBE-wolfSSL.5.6.3
2023-12-19 23:16:02,556 [WARN] PackLoader:240 - Cannot read IP mode file for STMicroelectronics.X-CUBE-AZRTOS-L5.2.0.0
2023-12-19 23:16:02,604 [WARN] PackLoader:240 - Cannot read IP mode file for STMicroelectronics.X-CUBE-MEMS1.9.6.0
2023-12-19 23:16:02,732 [WARN] PackLoader:240 - Cannot read IP mode file for STMicroelectronics.X-CUBE-EEPRMA1.4.2.0
2023-12-19 23:16:02,745 [WARN] PackLoader:240 - Cannot read IP mode file for ITTIA_DB.I-CUBE-ITTIADB.8.8.0
2023-12-19 23:16:02,759 [WARN] PackLoader:240 - Cannot read IP mode file for STMicroelectronics.X-CUBE-BLEMGR.2.0.0
2023-12-19 23:16:02,797 [WARN] ConditionMgr:438 - getConditionDescription Invalid condition id : UX DEVICE CLASS RTOS Condition cause : null
2023-12-19 23:16:02,797 [WARN] ConditionMgr:438 - getConditionDescription Invalid condition id : UX DEVICE CLASS RTOS Condition cause : null
2023-12-19 23:16:02,801 [WARN] PackLoader:240 - Cannot read IP mode file for STMicroelectronics.X-CUBE-AZRTOS-H7.3.1.0
2023-12-19 23:16:02,803 [WARN] ConditionMgr:1039 - genDependencies : Invalid condition id : UX DEVICE CLASS RTOS Condition cause : null
2023-12-19 23:16:02,803 [WARN] ConditionMgr:1039 - genDependencies : Invalid condition id : UX DEVICE CLASS RTOS Condition cause : null
2023-12-19 23:16:02,804 [WARN] ConditionMgr:1039 - genDependencies : Invalid condition id : UX DEVICE CLASS RTOS Condition cause : null
2023-12-19 23:16:02,804 [WARN] ConditionMgr:1039 - genDependencies : Invalid condition id : UX DEVICE CLASS RTOS Condition cause : null
2023-12-19 23:16:02,804 [WARN] ConditionMgr:1039 - genDependencies : Invalid condition id : UX DEVICE CLASS RTOS Condition cause : null
2023-12-19 23:16:02,818 [WARN] PackLoader:240 - Cannot read IP mode file for STMicroelectronics.X-CUBE-NFC7.1.0.1
2023-12-19 23:16:02,834 [WARN] PackLoader:240 - Cannot read IP mode file for STMicroelectronics.X-CUBE-NFC6.3.0.0
2023-12-19 23:16:02,846 [WARN] PackLoader:240 - Cannot read IP mode file for STMicroelectronics.X-CUBE-EEPRMA1.4.1.0
2023-12-19 23:16:02,858 [WARN] PackLoader:240 - Cannot read IP mode file for STMicroelectronics.X-CUBE-AI.8.1.0
2023-12-19 23:16:02,886 [WARN] ConditionMgr:438 - getConditionDescription Invalid condition id : LAN8742 Phy interface Condition cause : null
2023-12-19 23:16:02,887 [WARN] PackLoader:240 - Cannot read IP mode file for STMicroelectronics.X-CUBE-AZRTOS-L4.2.0.0
2023-12-19 23:16:02,887 [WARN] ConditionMgr:1039 - genDependencies : Invalid condition id : LAN8742 Phy interface Condition cause : null
2023-12-19 23:16:02,888 [WARN] ConditionMgr:1039 - genDependencies : Invalid condition id : LAN8742 Phy interface Condition cause : null
2023-12-19 23:16:02,888 [WARN] ConditionMgr:1039 - genDependencies : Invalid condition id : LAN8742 Phy interface Condition cause : null
2023-12-19 23:16:02,901 [WARN] PackLoader:240 - Cannot read IP mode file for STMicroelectronics.X-CUBE-SFXS2LP1.4.0.0
2023-12-19 23:16:02,912 [WARN] PackLoader:240 - Cannot read IP mode file for STMicroelectronics.X-CUBE-ISPU.1.1.0
2023-12-19 23:16:02,934 [WARN] ConditionMgr:438 - getConditionDescription Invalid condition id : UX DEVICE CLASS RTOS Condition cause : null
2023-12-19 23:16:02,934 [WARN] ConditionMgr:438 - getConditionDescription Invalid condition id : UX DEVICE CLASS RTOS Condition cause : null
2023-12-19 23:16:02,935 [WARN] PackLoader:240 - Cannot read IP mode file for STMicroelectronics.X-CUBE-AZRTOS-WB.2.0.0
2023-12-19 23:16:02,936 [WARN] ConditionMgr:1039 - genDependencies : Invalid condition id : UX DEVICE CLASS RTOS Condition cause : null
2023-12-19 23:16:02,936 [WARN] ConditionMgr:1039 - genDependencies : Invalid condition id : UX DEVICE CLASS RTOS Condition cause : null
2023-12-19 23:16:02,936 [WARN] ConditionMgr:1039 - genDependencies : Invalid condition id : UX DEVICE CLASS RTOS Condition cause : null
2023-12-19 23:16:02,936 [WARN] ConditionMgr:1039 - genDependencies : Invalid condition id : UX DEVICE CLASS RTOS Condition cause : null
2023-12-19 23:16:02,936 [WARN] ConditionMgr:1039 - genDependencies : Invalid condition id : UX DEVICE CLASS RTOS Condition cause : null
2023-12-19 23:16:02,954 [WARN] PackLoader:240 - Cannot read IP mode file for STMicroelectronics.X-CUBE-SUBG2.5.0.0
2023-12-19 23:16:02,973 [WARN] PackLoader:240 - Cannot read IP mode file for STMicroelectronics.X-CUBE-TOF1.3.3.1
2023-12-19 23:16:02,999 [WARN] PackLoader:240 - Cannot read IP mode file for STMicroelectronics.X-CUBE-AZRTOS-G4.2.0.0
2023-12-19 23:16:03,019 [WARN] PackLoader:240 - Cannot read IP mode file for Infineon.AIROC-Wi-Fi-Bluetooth-STM32.1.5.1
2023-12-19 23:16:03,025 [WARN] PackLoader:240 - Cannot read IP mode file for STMicroelectronics.FP-SNS-MOTENVWB1.1.3.0
2023-12-19 23:16:03,029 [WARN] PackLoader:240 - Cannot read IP mode file for STMicroelectronics.FP-SNS-MOTENVWB1.1.3.1
2023-12-19 23:16:03,034 [WARN] PackLoader:240 - Cannot read IP mode file for STMicroelectronics.X-CUBE-ISPU.2.0.0
2023-12-19 23:16:03,082 [WARN] PackLoader:240 - Cannot read IP mode file for STMicroelectronics.X-CUBE-MEMS1.10.0.0
2023-12-19 23:16:03,165 [WARN] PackLoader:240 - Cannot read IP mode file for STMicroelectronics.X-CUBE-FREERTOS.1.1.0
2023-12-19 23:16:03,176 [WARN] PackLoader:240 - Cannot read IP mode file for portGmbH.I-Cube-SoM-uGOAL.1.1.0
2023-12-19 23:16:03,186 [WARN] PackLoader:240 - Cannot read IP mode file for STMicroelectronics.X-CUBE-ALS.1.0.1
2023-12-19 23:16:03,191 [WARN] PackLoader:240 - Cannot read IP mode file for STMicroelectronics.FP-ATR-ASTRA1.2.0.0
2023-12-19 23:16:03,210 [WARN] PackLoader:240 - Cannot read IP mode file for STMicroelectronics.X-CUBE-TOF1.3.4.0
2023-12-19 23:16:03,228 [WARN] PackLoader:240 - Cannot read IP mode file for STMicroelectronics.X-CUBE-AZRTOS-H7.3.2.0
2023-12-19 23:16:03,231 [INFO] ThirdParty:978 - Integrity check success = true
2023-12-19 23:16:03,231 [INFO] IntegrityCheckThread:100 - exiting critical section [integrity check]
2023-12-19 23:16:03,231 [INFO] IntegrityCheckThread:103 - End integrity checks thread
2023-12-19 23:16:05,044 [ERROR] LogOutputStream:75 - [STDERR_REDIRECT] SLF4J: Failed to load class "org.slf4j.impl.StaticLoggerBinder".
2023-12-19 23:16:05,045 [ERROR] LogOutputStream:75 - [STDERR_REDIRECT] SLF4J: Defaulting to no-operation (NOP) logger implementation
2023-12-19 23:16:05,046 [ERROR] LogOutputStream:75 - [STDERR_REDIRECT] SLF4J: See http://www.slf4j.org/codes.html#StaticLoggerBinder for further details.
2023-12-19 23:17:23,181 [INFO] McuFinderGlobals:63 - Set McuFinder mode to 2 (CubeIDE integrated)
2023-12-19 23:17:23,203 [INFO] MainUpdater:2868 - connection check result : 10
2023-12-19 23:17:23,224 [INFO] McuFinderGlobals:76 - Set McuFinderConnectedMode to true
2023-12-19 23:17:23,833 [INFO] ServerAccessManage:473 - Download File mcusAds.json._tmp_
2023-12-19 23:17:23,949 [INFO] LoadUrlFilesThread:156 - End of LoadUrlFiles Thread
2023-12-19 23:17:24,336 [INFO] ServerAccessManage:473 - Download File cube-finder-db.zip
2023-12-19 23:18:13,109 [INFO] FileExtend:240 - Unzip File : cube-finder-db.zip
2023-12-19 23:18:13,109 [INFO] FileExtend:255 - Standard Zip Deflate
2023-12-19 23:18:13,876 [INFO] LoadUrlFilesThread:156 - End of LoadUrlFiles Thread
2023-12-19 23:18:15,129 [INFO] ServerAccessManage:473 - Download File crdb.zip
2023-12-19 23:18:17,174 [INFO] FileExtend:240 - Unzip File : crdb.zip
2023-12-19 23:18:17,174 [INFO] FileExtend:255 - Standard Zip Deflate
2023-12-19 23:18:17,301 [INFO] LoadUrlFilesThread:156 - End of LoadUrlFiles Thread
2023-12-19 23:18:17,582 [INFO] ServerAccessManage:473 - Download File tutoVideoDB.zip
2023-12-19 23:18:17,791 [INFO] FileExtend:240 - Unzip File : tutoVideoDB.zip
2023-12-19 23:18:17,792 [INFO] FileExtend:255 - Standard Zip Deflate
2023-12-19 23:18:17,915 [INFO] LoadUrlFilesThread:156 - End of LoadUrlFiles Thread
2023-12-19 23:18:17,920 [WARN] DbFile:41 - Overriding database path with different value: C:\Users\DELL\.stmcufinder\plugins\mcufinder/ => C:\Users\DELL\.stmcufinder\plugins\mcufinder
2023-12-19 23:18:18,087 [INFO] ServerAccessManage:473 - Download File api_config.json
2023-12-19 23:18:18,195 [INFO] LoadUrlFilesThread:156 - End of LoadUrlFiles Thread
2023-12-19 23:18:18,196 [INFO] DbMcusAds:53 - JSON generation date=Wed Nov 29 17:52:27 ICT 2023 (1701255147349)
2023-12-19 23:18:18,601 [INFO] ServerAccessManage:473 - Download File 
2023-12-19 23:18:18,713 [INFO] LoadUrlFilesThread:185 - End of LoadServerUrlFiles without Thread
2023-12-19 23:18:18,713 [INFO] TargetSelectorAdapter:259 - Refresh data is successful
2023-12-19 23:18:18,907 [INFO] ApiDb:581 - Connected to CubeFinder SQLite database (C:\Users\DELL\.stmcufinder\plugins\mcufinder\mcu\cube-finder-db.db)
2023-12-19 23:18:18,960 [INFO] ApiDb:668 - CubeFinder database Data Model version=2.1
2023-12-19 23:18:18,960 [INFO] ApiDb:669 - CubeFinder database Configuration version=3.0.39
2023-12-19 23:18:18,960 [INFO] ApiDb:670 - CubeFinder database generation date=2023-11-06 (1699269565)
2023-12-19 23:18:18,960 [INFO] ApiDb:671 - CubeFinder database FW Pack versions=[FP-ATR-ASTRA1_V2.0.0, FP-SNS-FLIGHT1_V5.0.1, FP-SNS-FLIGHT1_V5.0.2, FP-SNS-MOTENV1_V4.3.1, FP-SNS-MOTENV1_V4.3.2, FP-SNS-MOTENVWB1_V1.3.0, FP-SNS-SMARTAG2_V1.2.0, STM32Cube_FW_C0_V1.1.0, STM32Cube_FW_F4_V1.28.0, STM32Cube_FW_F7_V1.17.0, STM32Cube_FW_G0_V1.6.1, STM32Cube_FW_G4_V1.5.1, STM32Cube_FW_H5_V0.5.1, STM32Cube_FW_H5_V1.1.1, STM32Cube_FW_H5_V1.2.0RC2, STM32Cube_FW_H7_V1.11.0, STM32Cube_FW_L0_V1.12.2, STM32Cube_FW_L5_V1.5.0, STM32Cube_FW_U5_V1.3.0RC4, STM32Cube_FW_U5_V1.4.0, STM32Cube_FW_WBA_V1.0.0RC1, STM32Cube_FW_WBA_V1.1.0RC1, STM32Cube_FW_WBA_V1.2.0, STM32Cube_FW_WBA_V1.2.0RC2, STM32Cube_FW_WB_V1.15.0RC1, STM32Cube_FW_WB_V1.16.0, STM32Cube_FW_WB_V1.16.0RC2, STM32Cube_FW_WB_V1.18.0, STM32Cube_FW_WL_V1.3.0, X-CUBE-ALGOBUILD_V1.3.0, X-CUBE-ALS_V1.0.1, X-CUBE-AZRTOS-F4_V1.1.0, X-CUBE-AZRTOS-F7_V1.1.0, X-CUBE-AZRTOS-G0_V1.1.0, X-CUBE-AZRTOS-G4_V2.0.0, X-CUBE-AZRTOS-H7_V3.1.0, X-CUBE-AZRTOS-L4_V1.0.0, X-CUBE-AZRTOS-L4_V2.0.0, X-CUBE-AZRTOS-L5_V1.1.0, X-CUBE-AZRTOS-WB_V2.0.0, X-CUBE-AZRTOS-WL_V2.0.0, X-CUBE-BLE1_V7.0.0, X-CUBE-BLE2_V3.3.0, X-CUBE-BLEMGR_V2.0.0, X-CUBE-EEPRMA1_V4.1.0, X-CUBE-EEPRMA1_V4.2.0, X-CUBE-FREERTOS_V1.1.0, X-CUBE-GNSS1_V6.0.0, X-CUBE-MEMS1_V10.0.0, X-CUBE-MEMS1_V9.1.0, X-CUBE-MEMS1_V9.4.0, X-CUBE-MEMS1_V9.6.0, X-CUBE-NFC4_V3.0.0, X-CUBE-NFC7_V1.0.1, X-CUBE-SFXS2LP1_V4.0.0, X-CUBE-SUBG2_V5.0.0, X-CUBE-TOF1_V3.3.1]
2023-12-19 23:18:20,347 [INFO] ApiDb:240 - Found 323 in-development CPN: [B-G473E-ZEST1S, B-WB1M-WPAN1, B-WL5M-SUBG1, NUCLEO-C031C6, NUCLEO-H503RB, NUCLEO-H563ZI, NUCLEO-U545RE-Q, NUCLEO-U5A5ZJ-Q, NUCLEO-WBA52CG, STEVAL-PROTEUS1, STEVAL-SMARTAG2, STEVAL-STWINBX1, STM320518-EVAL, STM32C0116-DK, STM32C011D6Y3TR, STM32C011D6Y6TR, STM32C011F4P3, STM32C011F4P6, STM32C011F4U3, STM32C011F4U6TR, STM32C011F6P3, STM32C011F6P6, STM32C011F6U3, STM32C011F6U6TR, STM32C011J4M3, STM32C011J4M6, STM32C011J6M3, STM32C011J6M6, STM32C0316-DK, STM32C031C4T3, STM32C031C4T6, STM32C031C4U3, STM32C031C4U6, STM32C031C6T3, STM32C031C6T6, STM32C031C6U3, STM32C031C6U6, STM32C031F4P3, STM32C031F4P6, STM32C031F6P3, STM32C031F6P6, STM32C031G4U3, STM32C031G4U6, STM32C031G6U3, STM32C031G6U6, STM32C031K4T3, STM32C031K4T6, STM32C031K4U3, STM32C031K4U6, STM32C031K6T3, STM32C031K6T6, STM32C031K6U3, STM32C031K6U6, STM32G071K8TXN, STM32G071K8UXN, STM32G081GBU6N, STM32G081KBT6N, STM32G081KBUXN, STM32G0B1CCT6N, STM32G0B1KCT6, STM32G0B1NEY6TR, STM32G0B1RCT6N, STM32G0C1CCT6, STM32G0C1CCT6N, STM32G0C1CCU6N, STM32G0C1CET6N, STM32G0C1CEU6N, STM32G0C1KCT6, STM32G0C1NEY6TR, STM32G0C1RCI6N, STM32G0C1RCT6N, STM32G0C1REI6N, STM32G0C1RET6N, STM32G0C1VCI6, STM32G0C1VEI6, STM32G471CCT6, STM32G471CCU6, STM32G471CET3, STM32G471CET6, STM32G471CEU3, STM32G471CEU6, STM32G471MCT6, STM32G471MET3, STM32G471MET6, STM32G471MEY6TR, STM32G471QCT6, STM32G471QET3, STM32G471RCT6, STM32G471RET3, STM32G471RET6, STM32G471VCH6, STM32G471VCI6, STM32G471VCT6, STM32G471VEH3, STM32G471VEH6, STM32G471VEI3, STM32G471VEI6, STM32G471VET3, STM32G471VET6, STM32G474CCT6, STM32H503CBT6, STM32H503CBU6, STM32H503EBY6TR, STM32H503KBU6, STM32H503RBT6, STM32H562AGI6, STM32H562AII6, STM32H562IGK6, STM32H562IGT6, STM32H562IIK6, STM32H562IIT6, STM32H562RGT6, STM32H562RGV6, STM32H562RIT6, STM32H562RIV6, STM32H562VGT6, STM32H562VIT6, STM32H562ZGT6, STM32H562ZIT6, STM32H563AGI6, STM32H563AII3Q, STM32H563AII6, STM32H563IGK6, STM32H563IGT6, STM32H563IIK3Q, STM32H563IIK6, STM32H563IIT3Q, STM32H563IIT6, STM32H563MIY3QTR, STM32H563RGT6, STM32H563RGV6, STM32H563RIT6, STM32H563RIV6, STM32H563VGT6, STM32H563VIT3Q, STM32H563VIT6, STM32H563ZGT6, STM32H563ZIT3Q, STM32H563ZIT6, STM32H573AII3Q, STM32H573AII6, STM32H573I-DK, STM32H573IIK3Q, STM32H573IIK6, STM32H573IIT3Q, STM32H573IIT6, STM32H573MIY3QTR, STM32H573RIT6, STM32H573RIV6, STM32H573VIT3Q, STM32H573VIT6, STM32H573ZIT3Q, STM32H573ZIT6, STM32L4R5QGI6STR, STM32MP131AAE3, STM32MP131AAF3, STM32MP131AAG3, STM32MP131CAE3, STM32MP131CAF3, STM32MP131CAG3, STM32MP131DAE7, STM32MP131DAF7, STM32MP131DAG7, STM32MP131FAE7, STM32MP131FAF7, STM32MP131FAG7, STM32MP133AAE3, STM32MP133AAF3, STM32MP133AAG3, STM32MP133CAE3, STM32MP133CAF3, STM32MP133CAG3, STM32MP133DAE7, STM32MP133DAF7, STM32MP133DAG7, STM32MP133FAE7, STM32MP133FAF7, STM32MP133FAG7, STM32MP135AAE3, STM32MP135AAF3, STM32MP135AAG3, STM32MP135CAE3, STM32MP135CAF3, STM32MP135CAG3, STM32MP135DAE7, STM32MP135DAF7, STM32MP135DAG7, STM32MP135F-DK, STM32MP135FAE7, STM32MP135FAF7, STM32MP135FAF7T, STM32MP135FAF7U, STM32MP135FAG7, STM32U535CBT6, STM32U535CBT6Q, STM32U535CBU6, STM32U535CBU6Q, STM32U535CCT6, STM32U535CCT6Q, STM32U535CCU6, STM32U535CCU6Q, STM32U535CET6, STM32U535CET6Q, STM32U535CEU6, STM32U535CEU6Q, STM32U535JEY6QTR, STM32U535NCY6QTR, STM32U535NEY6QTR, STM32U535RBI6, STM32U535RBI6Q, STM32U535RBT6, STM32U535RBT6Q, STM32U535RCI6, STM32U535RCI6Q, STM32U535RCT6, STM32U535RCT6Q, STM32U535REI6, STM32U535REI6Q, STM32U535RET6, STM32U535RET6Q, STM32U535VCI6, STM32U535VCI6Q, STM32U535VCT6, STM32U535VCT6Q, STM32U535VEI6, STM32U535VEI6Q, STM32U535VET6, STM32U535VET6Q, STM32U545CET6, STM32U545CET6Q, STM32U545CEU6, STM32U545CEU6Q, STM32U545JEY6QTR, STM32U545NEY6QTR, STM32U545REI6, STM32U545REI6Q, STM32U545RET6, STM32U545RET6Q, STM32U545VEI6, STM32U545VEI6Q, STM32U545VET6, STM32U545VET6Q, STM32U595AIH6, STM32U595AIH6Q, STM32U595AJH6, STM32U595AJH6Q, STM32U595QII6, STM32U595QII6Q, STM32U595QJI6, STM32U595QJI6Q, STM32U595RIT6, STM32U595RIT6Q, STM32U595RJT6, STM32U595RJT6Q, STM32U595VIT6, STM32U595VIT6Q, STM32U595VJT6, STM32U595VJT6Q, STM32U595ZIT6, STM32U595ZIT6Q, STM32U595ZIY6QTR, STM32U595ZJT6, STM32U595ZJT6Q, STM32U595ZJY6QTR, STM32U599BJY6QTR, STM32U599NIH6Q, STM32U599NJH6Q, STM32U599VIT6Q, STM32U599VJT6, STM32U599VJT6Q, STM32U599ZIT6Q, STM32U599ZIY6QTR, STM32U599ZJT6Q, STM32U599ZJY6QTR, STM32U5A5AJH6, STM32U5A5AJH6Q, STM32U5A5QJI6, STM32U5A5QJI6Q, STM32U5A5RJT6, STM32U5A5RJT6Q, STM32U5A5VJT6, STM32U5A5VJT6Q, STM32U5A5ZJT6, STM32U5A5ZJT6Q, STM32U5A5ZJY6QTR, STM32U5A9BJY6QTR, STM32U5A9J-DK, STM32U5A9NJH6Q, STM32U5A9VJT6Q, STM32U5A9ZJT6Q, STM32U5A9ZJY6QTR, STM32U5F7VIT6, STM32U5F7VIT6Q, STM32U5F7VJT6, STM32U5F7VJT6Q, STM32U5F9BJY6QTR, STM32U5F9NJH6Q, STM32U5F9VIT6Q, STM32U5F9VJT6Q, STM32U5F9ZIJ6QTR, STM32U5F9ZIT6Q, STM32U5F9ZJJ6QTR, STM32U5F9ZJT6Q, STM32U5G7VJT6, STM32U5G7VJT6Q, STM32U5G9BJY6QTR, STM32U5G9J-DK1, STM32U5G9J-DK2, STM32U5G9NJH6Q, STM32U5G9VJT6Q, STM32U5G9ZJJ6QTR, STM32U5G9ZJT6Q, STM32WB1MMCH6, STM32WBA52CEU6, STM32WBA52CEU6T, STM32WBA52CGU6, STM32WBA52CGU6T, STM32WBA52KEU6, STM32WBA52KEU6T, STM32WBA52KGU6, STM32WBA52KGU6T, STM32WL5MOCH6, STM32WL5MOCH6TR]
2023-12-19 23:18:20,351 [INFO] DbMcus:217 - Found 3882 MCUs, 3882 are supported
2023-12-19 23:18:20,353 [INFO] ApiDb:423 - Load user favorites file C:\Users\DELL/.stm32cubeide/favorites.mcus.txt: 0 item(s)
2023-12-19 23:18:20,353 [INFO] ApiDb:427 - User favorites MCUs=[]
2023-12-19 23:18:20,353 [INFO] DbMcus:223 - Set 0 / 0 favorites MCUs
2023-12-19 23:18:20,548 [INFO] ApiDb:668 - CubeFinder database Data Model version=2.1
2023-12-19 23:18:20,548 [INFO] ApiDb:669 - CubeFinder database Configuration version=3.0.39
2023-12-19 23:18:20,548 [INFO] ApiDb:670 - CubeFinder database generation date=2023-11-06 (1699269565)
2023-12-19 23:18:20,548 [INFO] ApiDb:671 - CubeFinder database FW Pack versions=[FP-ATR-ASTRA1_V2.0.0, FP-SNS-FLIGHT1_V5.0.1, FP-SNS-FLIGHT1_V5.0.2, FP-SNS-MOTENV1_V4.3.1, FP-SNS-MOTENV1_V4.3.2, FP-SNS-MOTENVWB1_V1.3.0, FP-SNS-SMARTAG2_V1.2.0, STM32Cube_FW_C0_V1.1.0, STM32Cube_FW_F4_V1.28.0, STM32Cube_FW_F7_V1.17.0, STM32Cube_FW_G0_V1.6.1, STM32Cube_FW_G4_V1.5.1, STM32Cube_FW_H5_V0.5.1, STM32Cube_FW_H5_V1.1.1, STM32Cube_FW_H5_V1.2.0RC2, STM32Cube_FW_H7_V1.11.0, STM32Cube_FW_L0_V1.12.2, STM32Cube_FW_L5_V1.5.0, STM32Cube_FW_U5_V1.3.0RC4, STM32Cube_FW_U5_V1.4.0, STM32Cube_FW_WBA_V1.0.0RC1, STM32Cube_FW_WBA_V1.1.0RC1, STM32Cube_FW_WBA_V1.2.0, STM32Cube_FW_WBA_V1.2.0RC2, STM32Cube_FW_WB_V1.15.0RC1, STM32Cube_FW_WB_V1.16.0, STM32Cube_FW_WB_V1.16.0RC2, STM32Cube_FW_WB_V1.18.0, STM32Cube_FW_WL_V1.3.0, X-CUBE-ALGOBUILD_V1.3.0, X-CUBE-ALS_V1.0.1, X-CUBE-AZRTOS-F4_V1.1.0, X-CUBE-AZRTOS-F7_V1.1.0, X-CUBE-AZRTOS-G0_V1.1.0, X-CUBE-AZRTOS-G4_V2.0.0, X-CUBE-AZRTOS-H7_V3.1.0, X-CUBE-AZRTOS-L4_V1.0.0, X-CUBE-AZRTOS-L4_V2.0.0, X-CUBE-AZRTOS-L5_V1.1.0, X-CUBE-AZRTOS-WB_V2.0.0, X-CUBE-AZRTOS-WL_V2.0.0, X-CUBE-BLE1_V7.0.0, X-CUBE-BLE2_V3.3.0, X-CUBE-BLEMGR_V2.0.0, X-CUBE-EEPRMA1_V4.1.0, X-CUBE-EEPRMA1_V4.2.0, X-CUBE-FREERTOS_V1.1.0, X-CUBE-GNSS1_V6.0.0, X-CUBE-MEMS1_V10.0.0, X-CUBE-MEMS1_V9.1.0, X-CUBE-MEMS1_V9.4.0, X-CUBE-MEMS1_V9.6.0, X-CUBE-NFC4_V3.0.0, X-CUBE-NFC7_V1.0.1, X-CUBE-SFXS2LP1_V4.0.0, X-CUBE-SUBG2_V5.0.0, X-CUBE-TOF1_V3.3.1]
2023-12-19 23:18:20,590 [INFO] DbBoardsSqlite:226 - include board P-NUCLEO-WB55-NUCLEO as a kit item of type 'Nucleo-64'
2023-12-19 23:18:20,590 [INFO] DbBoardsSqlite:226 - include board P-NUCLEO-WB55-USBDONGLE as a kit item of type 'Nucleo USB Dongle'
2023-12-19 23:18:20,590 [INFO] DbBoardsSqlite:226 - include board STEVAL-IDP005V1 as a kit item of type 'Evaluation Board'
2023-12-19 23:18:20,590 [INFO] DbBoardsSqlite:226 - include board STEVAL-IDP005V2 as a kit item of type 'Evaluation Board'
2023-12-19 23:18:20,626 [INFO] ApiDb:240 - Found 323 in-development CPN: [B-G473E-ZEST1S, B-WB1M-WPAN1, B-WL5M-SUBG1, NUCLEO-C031C6, NUCLEO-H503RB, NUCLEO-H563ZI, NUCLEO-U545RE-Q, NUCLEO-U5A5ZJ-Q, NUCLEO-WBA52CG, STEVAL-PROTEUS1, STEVAL-SMARTAG2, STEVAL-STWINBX1, STM320518-EVAL, STM32C0116-DK, STM32C011D6Y3TR, STM32C011D6Y6TR, STM32C011F4P3, STM32C011F4P6, STM32C011F4U3, STM32C011F4U6TR, STM32C011F6P3, STM32C011F6P6, STM32C011F6U3, STM32C011F6U6TR, STM32C011J4M3, STM32C011J4M6, STM32C011J6M3, STM32C011J6M6, STM32C0316-DK, STM32C031C4T3, STM32C031C4T6, STM32C031C4U3, STM32C031C4U6, STM32C031C6T3, STM32C031C6T6, STM32C031C6U3, STM32C031C6U6, STM32C031F4P3, STM32C031F4P6, STM32C031F6P3, STM32C031F6P6, STM32C031G4U3, STM32C031G4U6, STM32C031G6U3, STM32C031G6U6, STM32C031K4T3, STM32C031K4T6, STM32C031K4U3, STM32C031K4U6, STM32C031K6T3, STM32C031K6T6, STM32C031K6U3, STM32C031K6U6, STM32G071K8TXN, STM32G071K8UXN, STM32G081GBU6N, STM32G081KBT6N, STM32G081KBUXN, STM32G0B1CCT6N, STM32G0B1KCT6, STM32G0B1NEY6TR, STM32G0B1RCT6N, STM32G0C1CCT6, STM32G0C1CCT6N, STM32G0C1CCU6N, STM32G0C1CET6N, STM32G0C1CEU6N, STM32G0C1KCT6, STM32G0C1NEY6TR, STM32G0C1RCI6N, STM32G0C1RCT6N, STM32G0C1REI6N, STM32G0C1RET6N, STM32G0C1VCI6, STM32G0C1VEI6, STM32G471CCT6, STM32G471CCU6, STM32G471CET3, STM32G471CET6, STM32G471CEU3, STM32G471CEU6, STM32G471MCT6, STM32G471MET3, STM32G471MET6, STM32G471MEY6TR, STM32G471QCT6, STM32G471QET3, STM32G471RCT6, STM32G471RET3, STM32G471RET6, STM32G471VCH6, STM32G471VCI6, STM32G471VCT6, STM32G471VEH3, STM32G471VEH6, STM32G471VEI3, STM32G471VEI6, STM32G471VET3, STM32G471VET6, STM32G474CCT6, STM32H503CBT6, STM32H503CBU6, STM32H503EBY6TR, STM32H503KBU6, STM32H503RBT6, STM32H562AGI6, STM32H562AII6, STM32H562IGK6, STM32H562IGT6, STM32H562IIK6, STM32H562IIT6, STM32H562RGT6, STM32H562RGV6, STM32H562RIT6, STM32H562RIV6, STM32H562VGT6, STM32H562VIT6, STM32H562ZGT6, STM32H562ZIT6, STM32H563AGI6, STM32H563AII3Q, STM32H563AII6, STM32H563IGK6, STM32H563IGT6, STM32H563IIK3Q, STM32H563IIK6, STM32H563IIT3Q, STM32H563IIT6, STM32H563MIY3QTR, STM32H563RGT6, STM32H563RGV6, STM32H563RIT6, STM32H563RIV6, STM32H563VGT6, STM32H563VIT3Q, STM32H563VIT6, STM32H563ZGT6, STM32H563ZIT3Q, STM32H563ZIT6, STM32H573AII3Q, STM32H573AII6, STM32H573I-DK, STM32H573IIK3Q, STM32H573IIK6, STM32H573IIT3Q, STM32H573IIT6, STM32H573MIY3QTR, STM32H573RIT6, STM32H573RIV6, STM32H573VIT3Q, STM32H573VIT6, STM32H573ZIT3Q, STM32H573ZIT6, STM32L4R5QGI6STR, STM32MP131AAE3, STM32MP131AAF3, STM32MP131AAG3, STM32MP131CAE3, STM32MP131CAF3, STM32MP131CAG3, STM32MP131DAE7, STM32MP131DAF7, STM32MP131DAG7, STM32MP131FAE7, STM32MP131FAF7, STM32MP131FAG7, STM32MP133AAE3, STM32MP133AAF3, STM32MP133AAG3, STM32MP133CAE3, STM32MP133CAF3, STM32MP133CAG3, STM32MP133DAE7, STM32MP133DAF7, STM32MP133DAG7, STM32MP133FAE7, STM32MP133FAF7, STM32MP133FAG7, STM32MP135AAE3, STM32MP135AAF3, STM32MP135AAG3, STM32MP135CAE3, STM32MP135CAF3, STM32MP135CAG3, STM32MP135DAE7, STM32MP135DAF7, STM32MP135DAG7, STM32MP135F-DK, STM32MP135FAE7, STM32MP135FAF7, STM32MP135FAF7T, STM32MP135FAF7U, STM32MP135FAG7, STM32U535CBT6, STM32U535CBT6Q, STM32U535CBU6, STM32U535CBU6Q, STM32U535CCT6, STM32U535CCT6Q, STM32U535CCU6, STM32U535CCU6Q, STM32U535CET6, STM32U535CET6Q, STM32U535CEU6, STM32U535CEU6Q, STM32U535JEY6QTR, STM32U535NCY6QTR, STM32U535NEY6QTR, STM32U535RBI6, STM32U535RBI6Q, STM32U535RBT6, STM32U535RBT6Q, STM32U535RCI6, STM32U535RCI6Q, STM32U535RCT6, STM32U535RCT6Q, STM32U535REI6, STM32U535REI6Q, STM32U535RET6, STM32U535RET6Q, STM32U535VCI6, STM32U535VCI6Q, STM32U535VCT6, STM32U535VCT6Q, STM32U535VEI6, STM32U535VEI6Q, STM32U535VET6, STM32U535VET6Q, STM32U545CET6, STM32U545CET6Q, STM32U545CEU6, STM32U545CEU6Q, STM32U545JEY6QTR, STM32U545NEY6QTR, STM32U545REI6, STM32U545REI6Q, STM32U545RET6, STM32U545RET6Q, STM32U545VEI6, STM32U545VEI6Q, STM32U545VET6, STM32U545VET6Q, STM32U595AIH6, STM32U595AIH6Q, STM32U595AJH6, STM32U595AJH6Q, STM32U595QII6, STM32U595QII6Q, STM32U595QJI6, STM32U595QJI6Q, STM32U595RIT6, STM32U595RIT6Q, STM32U595RJT6, STM32U595RJT6Q, STM32U595VIT6, STM32U595VIT6Q, STM32U595VJT6, STM32U595VJT6Q, STM32U595ZIT6, STM32U595ZIT6Q, STM32U595ZIY6QTR, STM32U595ZJT6, STM32U595ZJT6Q, STM32U595ZJY6QTR, STM32U599BJY6QTR, STM32U599NIH6Q, STM32U599NJH6Q, STM32U599VIT6Q, STM32U599VJT6, STM32U599VJT6Q, STM32U599ZIT6Q, STM32U599ZIY6QTR, STM32U599ZJT6Q, STM32U599ZJY6QTR, STM32U5A5AJH6, STM32U5A5AJH6Q, STM32U5A5QJI6, STM32U5A5QJI6Q, STM32U5A5RJT6, STM32U5A5RJT6Q, STM32U5A5VJT6, STM32U5A5VJT6Q, STM32U5A5ZJT6, STM32U5A5ZJT6Q, STM32U5A5ZJY6QTR, STM32U5A9BJY6QTR, STM32U5A9J-DK, STM32U5A9NJH6Q, STM32U5A9VJT6Q, STM32U5A9ZJT6Q, STM32U5A9ZJY6QTR, STM32U5F7VIT6, STM32U5F7VIT6Q, STM32U5F7VJT6, STM32U5F7VJT6Q, STM32U5F9BJY6QTR, STM32U5F9NJH6Q, STM32U5F9VIT6Q, STM32U5F9VJT6Q, STM32U5F9ZIJ6QTR, STM32U5F9ZIT6Q, STM32U5F9ZJJ6QTR, STM32U5F9ZJT6Q, STM32U5G7VJT6, STM32U5G7VJT6Q, STM32U5G9BJY6QTR, STM32U5G9J-DK1, STM32U5G9J-DK2, STM32U5G9NJH6Q, STM32U5G9VJT6Q, STM32U5G9ZJJ6QTR, STM32U5G9ZJT6Q, STM32WB1MMCH6, STM32WBA52CEU6, STM32WBA52CEU6T, STM32WBA52CGU6, STM32WBA52CGU6T, STM32WBA52KEU6, STM32WBA52KEU6T, STM32WBA52KGU6, STM32WBA52KGU6T, STM32WL5MOCH6, STM32WL5MOCH6TR]
2023-12-19 23:18:20,732 [INFO] BoardInfo:880 - No configuration file found for board P-NUCLEO-WB55
2023-12-19 23:18:20,732 [INFO] DbBoards:157 - Kit is not supported: P-NUCLEO-WB55
2023-12-19 23:18:20,736 [INFO] BoardInfo:880 - No configuration file found for board STEVAL-BFA001V1B
2023-12-19 23:18:20,736 [INFO] DbBoards:157 - Kit is not supported: STEVAL-BFA001V1B
2023-12-19 23:18:20,737 [INFO] BoardInfo:880 - No configuration file found for board STEVAL-BFA001V2B
2023-12-19 23:18:20,737 [INFO] DbBoards:157 - Kit is not supported: STEVAL-BFA001V2B
2023-12-19 23:18:20,740 [INFO] BoardInfo:880 - No configuration file found for board STEVAL-MKBOXPRO
2023-12-19 23:18:20,740 [INFO] DbBoards:157 - Board is not supported: STEVAL-MKBOXPRO
2023-12-19 23:18:20,829 [INFO] DbBoards:161 - Found 191 boards, 187 are supported
2023-12-19 23:18:20,831 [INFO] ApiDb:423 - Load user favorites file C:\Users\DELL/.stm32cubeide/favorites.boards.txt: 0 item(s)
2023-12-19 23:18:20,831 [INFO] ApiDb:427 - User favorites Boards=[]
2023-12-19 23:18:20,832 [INFO] DbBoards:190 - Set 0 / 0 favorites Boards
2023-12-19 23:18:20,836 [INFO] ApiDb:668 - CubeFinder database Data Model version=2.1
2023-12-19 23:18:20,836 [INFO] ApiDb:669 - CubeFinder database Configuration version=3.0.39
2023-12-19 23:18:20,836 [INFO] ApiDb:670 - CubeFinder database generation date=2023-11-06 (1699269565)
2023-12-19 23:18:20,836 [INFO] ApiDb:671 - CubeFinder database FW Pack versions=[FP-ATR-ASTRA1_V2.0.0, FP-SNS-FLIGHT1_V5.0.1, FP-SNS-FLIGHT1_V5.0.2, FP-SNS-MOTENV1_V4.3.1, FP-SNS-MOTENV1_V4.3.2, FP-SNS-MOTENVWB1_V1.3.0, FP-SNS-SMARTAG2_V1.2.0, STM32Cube_FW_C0_V1.1.0, STM32Cube_FW_F4_V1.28.0, STM32Cube_FW_F7_V1.17.0, STM32Cube_FW_G0_V1.6.1, STM32Cube_FW_G4_V1.5.1, STM32Cube_FW_H5_V0.5.1, STM32Cube_FW_H5_V1.1.1, STM32Cube_FW_H5_V1.2.0RC2, STM32Cube_FW_H7_V1.11.0, STM32Cube_FW_L0_V1.12.2, STM32Cube_FW_L5_V1.5.0, STM32Cube_FW_U5_V1.3.0RC4, STM32Cube_FW_U5_V1.4.0, STM32Cube_FW_WBA_V1.0.0RC1, STM32Cube_FW_WBA_V1.1.0RC1, STM32Cube_FW_WBA_V1.2.0, STM32Cube_FW_WBA_V1.2.0RC2, STM32Cube_FW_WB_V1.15.0RC1, STM32Cube_FW_WB_V1.16.0, STM32Cube_FW_WB_V1.16.0RC2, STM32Cube_FW_WB_V1.18.0, STM32Cube_FW_WL_V1.3.0, X-CUBE-ALGOBUILD_V1.3.0, X-CUBE-ALS_V1.0.1, X-CUBE-AZRTOS-F4_V1.1.0, X-CUBE-AZRTOS-F7_V1.1.0, X-CUBE-AZRTOS-G0_V1.1.0, X-CUBE-AZRTOS-G4_V2.0.0, X-CUBE-AZRTOS-H7_V3.1.0, X-CUBE-AZRTOS-L4_V1.0.0, X-CUBE-AZRTOS-L4_V2.0.0, X-CUBE-AZRTOS-L5_V1.1.0, X-CUBE-AZRTOS-WB_V2.0.0, X-CUBE-AZRTOS-WL_V2.0.0, X-CUBE-BLE1_V7.0.0, X-CUBE-BLE2_V3.3.0, X-CUBE-BLEMGR_V2.0.0, X-CUBE-EEPRMA1_V4.1.0, X-CUBE-EEPRMA1_V4.2.0, X-CUBE-FREERTOS_V1.1.0, X-CUBE-GNSS1_V6.0.0, X-CUBE-MEMS1_V10.0.0, X-CUBE-MEMS1_V9.1.0, X-CUBE-MEMS1_V9.4.0, X-CUBE-MEMS1_V9.6.0, X-CUBE-NFC4_V3.0.0, X-CUBE-NFC7_V1.0.1, X-CUBE-SFXS2LP1_V4.0.0, X-CUBE-SUBG2_V5.0.0, X-CUBE-TOF1_V3.3.1]
2023-12-19 23:18:21,395 [ERROR] DbExamplesSqlite:437 - Missing JSON key: board_cpn
2023-12-19 23:18:21,395 [ERROR] DbExamplesSqlite:437 - Missing JSON key: board_cpn
2023-12-19 23:18:21,395 [ERROR] DbExamplesSqlite:437 - Missing JSON key: board_cpn
2023-12-19 23:18:21,395 [ERROR] DbExamplesSqlite:437 - Missing JSON key: board_cpn
2023-12-19 23:18:21,427 [INFO] DbExamplesSqlite:395 - Ignored 55 examples not supported by CubeIDE
2023-12-19 23:18:21,427 [INFO] DbExamplesSqlite:396 - Found 7548 examples active
2023-12-19 23:18:21,427 [INFO] DbExamplesSqlite:397 - Found 848 examples obsolete
2023-12-19 23:18:21,427 [INFO] DbExamplesSqlite:398 - Found 0 examples under development
2023-12-19 23:18:21,427 [INFO] DbExamplesSqlite:399 - Found 8 examples not building
2023-12-19 23:18:21,429 [INFO] DbExamples:125 - Found 7501 examples
2023-12-19 23:18:21,475 [ERROR] DbExamples:208 - Found 247 examples with invalid data (board or MCU)
2023-12-19 23:18:21,475 [INFO] DbExamples:222 - Found 93 boards with related examples
2023-12-19 23:18:21,476 [INFO] DbExamples:235 - Found 79 MCUs with related examples
2023-12-19 23:18:21,491 [INFO] ApiDb:414 - User favorites file not found: C:\Users\DELL/.stm32cubeide/favorites.examples.txt
2023-12-19 23:18:21,492 [INFO] DbExamples:250 - Set 0 / 0 favorites Examples
2023-12-19 23:18:21,864 [INFO] McuFinderGlobals:76 - Set McuFinderConnectedMode to true
2023-12-19 23:18:21,872 [INFO] MultiScanPanel:200 - Auto-refresh data requested => check proxy status ongoing
2023-12-19 23:18:21,875 [INFO] FinderPluginLoader:95 - Searching for filters in installed packs
2023-12-19 23:18:23,106 [INFO] LoadUrlFilesThread:185 - End of LoadServerUrlFiles without Thread
2023-12-19 23:18:23,116 [INFO] DetailPanel:341 - Set advertising image to C:/Users/DELL/STM32Cube/Repository/\en.prom-stm32wl3-mcu-finder.jpg
2023-12-19 23:20:48,637 [INFO] MainUpdater:2868 - connection check result : 10
2023-12-19 23:20:48,637 [INFO] MainUpdater:2868 - connection check result : 10
2023-12-19 23:20:48,668 [INFO] MicroXplorer:468 - Change Database Path : 
2023-12-19 23:20:48,669 [INFO] MicroXplorer:498 - Change Database Version : DB.6.0.91
2023-12-19 23:20:48,675 [WARN] ThirdParty:871 - waiting for thirdparty lock release [close project]
2023-12-19 23:20:48,675 [INFO] ThirdParty:873 - entering critical section [close project]
2023-12-19 23:20:48,677 [INFO] ThirdParty:883 - exiting critical section [close project]
2023-12-19 23:20:48,680 [INFO] PinOutPanel:1499 - setPackage(No Configuration,No Configuration)
2023-12-19 23:20:48,689 [INFO] UtilMem:75 - Begin LoadConfig() Used Memory: 688751576 Bytes (966787072)
2023-12-19 23:20:48,690 [INFO] MicroXplorer:468 - Change Database Path : 
2023-12-19 23:20:48,690 [INFO] MicroXplorer:498 - Change Database Version : DB.6.0.91
2023-12-19 23:20:48,690 [INFO] OpenFileManager:308 - Change cursor
2023-12-19 23:20:48,729 [INFO] Mcu:1946 - Initializing MCU STM32F103C6Ux STM32F103C6Ux STM32F103C6U6A
2023-12-19 23:20:49,534 [INFO] Context:659 - Trying to add GPIOservice into a context  which must be forbidden
2023-12-19 23:20:49,717 [INFO] ImportTextPane:194 - (OptionalMessage_ERROR) Unable to find key (Mcu.ThirdPartyNb) in loaded IOC file
2023-12-19 23:20:49,718 [INFO] ImportTextPane:194 - (OptionalMessage_ERROR) Unable to find key (Mcu.PinsNb) in loaded IOC file
2023-12-19 23:20:49,718 [INFO] ImportTextPane:194 - (OptionalMessage_ERROR) Unable to find key (Mcu.IPNb) in loaded IOC file
2023-12-19 23:20:49,930 [INFO] RtosManager:555 - Registered RTOS mode: class=CMSIS, group=RTOS, mode=CMSIS_V1, owner=FREERTOS
2023-12-19 23:20:49,930 [INFO] RtosManager:555 - Registered RTOS mode: class=CMSIS, group=RTOS2, mode=CMSIS_V2, owner=FREERTOS
2023-12-19 23:20:49,931 [INFO] RtosManager:555 - Registered RTOS mode: class=RTOS, group=Core, mode=CMSIS_V1, owner=FREERTOS
2023-12-19 23:20:49,931 [INFO] RtosManager:555 - Registered RTOS mode: class=RTOS, group=Core, mode=CMSIS_V2, owner=FREERTOS
2023-12-19 23:20:49,931 [WARN] ModelIntegratedComponent:184 - Missing modes for component STMicroelectronics:FreeRTOS:0.0.1:STMicroelectronics:RTOS:FreeRTOS:Core:::10.2.0:
2023-12-19 23:20:49,946 [WARN] ModelIntegratedComponent:63 - No mode defined for component null
2023-12-19 23:20:49,946 [WARN] ModelIntegratedComponent:63 - No mode defined for component null
2023-12-19 23:20:49,946 [WARN] ModelIntegratedComponent:63 - No mode defined for component null
2023-12-19 23:20:49,946 [WARN] ModelIntegratedComponent:63 - No mode defined for component null
2023-12-19 23:20:49,946 [WARN] ModelIntegratedComponent:63 - No mode defined for component null
2023-12-19 23:20:49,946 [WARN] ModelIntegratedComponent:63 - No mode defined for component null
2023-12-19 23:20:49,946 [WARN] ModelIntegratedComponent:63 - No mode defined for component null
2023-12-19 23:20:49,946 [WARN] ModelIntegratedComponent:63 - No mode defined for component null
2023-12-19 23:20:49,946 [WARN] ModelIntegratedComponent:63 - No mode defined for component null
2023-12-19 23:20:49,946 [WARN] ModelIntegratedComponent:63 - No mode defined for component null
2023-12-19 23:20:49,946 [WARN] ModelIntegratedComponent:63 - No mode defined for component null
2023-12-19 23:20:49,946 [WARN] ModelIntegratedComponent:63 - No mode defined for component null
2023-12-19 23:20:49,946 [WARN] ModelIntegratedComponent:63 - No mode defined for component null
2023-12-19 23:20:49,946 [WARN] ModelIntegratedComponent:63 - No mode defined for component null
2023-12-19 23:20:49,946 [WARN] ModelIntegratedComponent:63 - No mode defined for component null
2023-12-19 23:20:49,946 [WARN] ModelIntegratedComponent:63 - No mode defined for component null
2023-12-19 23:20:49,946 [WARN] ModelIntegratedComponent:63 - No mode defined for component null
2023-12-19 23:20:49,946 [WARN] ModelIntegratedComponent:63 - No mode defined for component null
2023-12-19 23:20:49,946 [WARN] ModelIntegratedComponent:63 - No mode defined for component null
2023-12-19 23:20:49,946 [WARN] ModelIntegratedComponent:63 - No mode defined for component null
2023-12-19 23:20:49,946 [WARN] ModelIntegratedComponent:63 - No mode defined for component null
2023-12-19 23:20:49,946 [WARN] ModelIntegratedComponent:63 - No mode defined for component null
2023-12-19 23:20:49,946 [WARN] ModelIntegratedComponent:63 - No mode defined for component null
2023-12-19 23:20:49,947 [WARN] ModelIntegratedComponent:63 - No mode defined for component null
2023-12-19 23:20:49,947 [WARN] ModelIntegratedComponent:63 - No mode defined for component null
2023-12-19 23:20:49,947 [WARN] ModelIntegratedComponent:63 - No mode defined for component null
2023-12-19 23:20:49,947 [WARN] ModelIntegratedComponent:63 - No mode defined for component null
2023-12-19 23:20:49,947 [WARN] ModelIntegratedComponent:63 - No mode defined for component null
2023-12-19 23:20:49,947 [WARN] ModelIntegratedComponent:63 - No mode defined for component null
2023-12-19 23:20:49,947 [WARN] ModelIntegratedComponent:63 - No mode defined for component null
2023-12-19 23:20:49,947 [WARN] ModelIntegratedComponent:63 - No mode defined for component null
2023-12-19 23:20:49,947 [WARN] ModelIntegratedComponent:63 - No mode defined for component null
2023-12-19 23:20:49,947 [WARN] ModelIntegratedComponent:63 - No mode defined for component null
2023-12-19 23:20:50,091 [INFO] ThirdPartyModel:298 - Start build external matchings
2023-12-19 23:20:50,697 [INFO] ThirdPartyModel:316 - End build external matchings
2023-12-19 23:20:50,865 [INFO] UtilMem:75 - End LoadConfig() Used Memory: 746707192 Bytes (966787072)
2023-12-19 23:20:50,895 [WARN] ThirdParty:833 - waiting for thirdparty lock release [change project]
2023-12-19 23:20:50,895 [INFO] ThirdParty:835 - entering critical section [change project]
2023-12-19 23:20:50,896 [INFO] ThirdParty:1030 - CMSIS Pack Vendor :STMicroelectronics X-CUBE-ISPU 1.1.0
2023-12-19 23:20:50,896 [INFO] ThirdParty:1030 - CMSIS Pack Vendor :STMicroelectronics USBPD 4.1
2023-12-19 23:20:50,896 [INFO] ThirdParty:1030 - CMSIS Pack Vendor :STMicroelectronics X-CUBE-GNSS1 6.0.0
2023-12-19 23:20:50,896 [INFO] ThirdParty:1030 - CMSIS Pack Vendor :STMicroelectronics USB_HOST 2.0.0
2023-12-19 23:20:50,896 [INFO] ThirdParty:1030 - CMSIS Pack Vendor :STMicroelectronics X-CUBE-AZRTOS-F4 1.1.0
2023-12-19 23:20:50,896 [INFO] ThirdParty:1030 - CMSIS Pack Vendor :STMicroelectronics LIBJPEG 8.0.0
2023-12-19 23:20:50,896 [INFO] ThirdParty:1030 - CMSIS Pack Vendor :wolfSSL I-CUBE-wolfSSL 5.6.3
2023-12-19 23:20:50,896 [INFO] ThirdParty:1030 - CMSIS Pack Vendor :STMicroelectronics X-CUBE-SMBUS 2.1.0
2023-12-19 23:20:50,896 [INFO] ThirdParty:1030 - CMSIS Pack Vendor :STMicroelectronics USB_DEVICE 3.0.0
2023-12-19 23:20:50,896 [INFO] ThirdParty:1030 - CMSIS Pack Vendor :STMicroelectronics X-CUBE-AZRTOS-WB 2.0.0
2023-12-19 23:20:50,896 [INFO] ThirdParty:1030 - CMSIS Pack Vendor :STMicroelectronics X-CUBE-TOUCHGFX 4.23.0
2023-12-19 23:20:50,896 [INFO] ThirdParty:1030 - CMSIS Pack Vendor :STMicroelectronics X-CUBE-AZRTOS-F7 1.1.0
2023-12-19 23:20:50,896 [INFO] ThirdParty:1030 - CMSIS Pack Vendor :STMicroelectronics X-CUBE-AZRTOS-L5 2.0.0
2023-12-19 23:20:50,896 [INFO] ThirdParty:1030 - CMSIS Pack Vendor :STMicroelectronics USB_DEVICE 2.0.0
2023-12-19 23:20:50,896 [INFO] ThirdParty:1030 - CMSIS Pack Vendor :STMicroelectronics X-CUBE-MEMS1 9.6.0
2023-12-19 23:20:50,896 [INFO] ThirdParty:1030 - CMSIS Pack Vendor :STMicroelectronics X-CUBE-EEPRMA1 4.2.0
2023-12-19 23:20:50,896 [INFO] ThirdParty:1030 - CMSIS Pack Vendor :ITTIA_DB I-CUBE-ITTIADB 8.8.0
2023-12-19 23:20:50,896 [INFO] ThirdParty:1030 - CMSIS Pack Vendor :STMicroelectronics FP-SNS-MOTENV1 4.3.2
2023-12-19 23:20:50,896 [INFO] ThirdParty:1030 - CMSIS Pack Vendor :STMicroelectronics X-CUBE-ALGOBUILD 1.3.0
2023-12-19 23:20:50,896 [INFO] ThirdParty:1030 - CMSIS Pack Vendor :STMicroelectronics FreeRTOS 0.0.1
2023-12-19 23:20:50,896 [INFO] ThirdParty:1030 - CMSIS Pack Vendor :STMicroelectronics X-CUBE-AZRTOS-G0 1.1.0
2023-12-19 23:20:50,896 [INFO] ThirdParty:1030 - CMSIS Pack Vendor :STMicroelectronics X-CUBE-BLEMGR 2.0.0
2023-12-19 23:20:50,896 [INFO] ThirdParty:1030 - CMSIS Pack Vendor :STMicroelectronics X-CUBE-NFC4 3.0.0
2023-12-19 23:20:50,896 [INFO] ThirdParty:1030 - CMSIS Pack Vendor :STMicroelectronics X-CUBE-SUBG2 5.0.0
2023-12-19 23:20:50,896 [INFO] ThirdParty:1030 - CMSIS Pack Vendor :STMicroelectronics STM32_WPAN 1.0.0
2023-12-19 23:20:50,896 [INFO] ThirdParty:1030 - CMSIS Pack Vendor :STMicroelectronics lwIP 2.0.3
2023-12-19 23:20:50,896 [INFO] ThirdParty:1030 - CMSIS Pack Vendor :STMicroelectronics FP-SNS-FLIGHT1 5.0.2
2023-12-19 23:20:50,896 [INFO] ThirdParty:1030 - CMSIS Pack Vendor :STMicroelectronics USB_HOST 1.0.0
2023-12-19 23:20:50,896 [INFO] ThirdParty:1030 - CMSIS Pack Vendor :STMicroelectronics X-CUBE-TOF1 3.3.1
2023-12-19 23:20:50,896 [INFO] ThirdParty:1030 - CMSIS Pack Vendor :STMicroelectronics X-CUBE-AZRTOS-G4 2.0.0
2023-12-19 23:20:50,896 [INFO] ThirdParty:1030 - CMSIS Pack Vendor :STMicroelectronics PDM2PCM 3.1.0
2023-12-19 23:20:50,896 [INFO] ThirdParty:1030 - CMSIS Pack Vendor :STMicroelectronics X-CUBE-AZRTOS-H7 3.1.0
2023-12-19 23:20:50,896 [INFO] ThirdParty:1030 - CMSIS Pack Vendor :Infineon AIROC-Wi-Fi-Bluetooth-STM32 1.5.1
2023-12-19 23:20:50,896 [INFO] ThirdParty:1030 - CMSIS Pack Vendor :STMicroelectronics X-CUBE-BLEMGR 3.0.0
2023-12-19 23:20:50,896 [INFO] ThirdParty:1030 - CMSIS Pack Vendor :STMicroelectronics PDM2PCM 3.3.0
2023-12-19 23:20:50,896 [INFO] ThirdParty:1030 - CMSIS Pack Vendor :STMicroelectronics X-CUBE-DISPLAY 3.0.0
2023-12-19 23:20:50,896 [INFO] ThirdParty:1030 - CMSIS Pack Vendor :STMicroelectronics FP-SNS-MOTENVWB1 1.3.0
2023-12-19 23:20:50,896 [INFO] ThirdParty:1030 - CMSIS Pack Vendor :STMicroelectronics FP-SNS-MOTENVWB1 1.3.1
2023-12-19 23:20:50,896 [INFO] ThirdParty:1030 - CMSIS Pack Vendor :STMicroelectronics X-CUBE-BLE1 7.0.0
2023-12-19 23:20:50,896 [INFO] ThirdParty:1030 - CMSIS Pack Vendor :STMicroelectronics FP-ATR-SIGFOX1 3.2.0
2023-12-19 23:20:50,897 [INFO] ThirdParty:1030 - CMSIS Pack Vendor :STMicroelectronics X-CUBE-ISPU 2.0.0
2023-12-19 23:20:50,897 [INFO] ThirdParty:1030 - CMSIS Pack Vendor :STMicroelectronics HAL Drivers 0.0.0
2023-12-19 23:20:50,897 [INFO] ThirdParty:1030 - CMSIS Pack Vendor :STMicroelectronics MBEDTLS 2.16.2
2023-12-19 23:20:50,897 [INFO] ThirdParty:1030 - CMSIS Pack Vendor :emotas I-CUBE-CANOPEN 1.3.0
2023-12-19 23:20:50,897 [INFO] ThirdParty:1030 - CMSIS Pack Vendor :STMicroelectronics X-CUBE-MEMS1 10.0.0
2023-12-19 23:20:50,897 [INFO] ThirdParty:1030 - CMSIS Pack Vendor :STMicroelectronics X-CUBE-FREERTOS 1.1.0
2023-12-19 23:20:50,897 [INFO] ThirdParty:1030 - CMSIS Pack Vendor :STMicroelectronics X-CUBE-TOUCHGFX 4.22.0
2023-12-19 23:20:50,897 [INFO] ThirdParty:1030 - CMSIS Pack Vendor :STMicroelectronics X-CUBE-NFC7 1.0.1
2023-12-19 23:20:50,897 [INFO] ThirdParty:1030 - CMSIS Pack Vendor :STMicroelectronics MBEDTLS 2.14.1
2023-12-19 23:20:50,897 [INFO] ThirdParty:1030 - CMSIS Pack Vendor :STMicroelectronics X-CUBE-TOUCHGFX 4.22.1
2023-12-19 23:20:50,897 [INFO] ThirdParty:1030 - CMSIS Pack Vendor :STMicroelectronics X-CUBE-NFC6 3.0.0
2023-12-19 23:20:50,897 [INFO] ThirdParty:1030 - CMSIS Pack Vendor :STMicroelectronics X-CUBE-EEPRMA1 4.1.0
2023-12-19 23:20:50,897 [INFO] ThirdParty:1030 - CMSIS Pack Vendor :portGmbH I-Cube-SoM-uGOAL 1.1.0
2023-12-19 23:20:50,897 [INFO] ThirdParty:1030 - CMSIS Pack Vendor :STMicroelectronics X-CUBE-ALS 1.0.1
2023-12-19 23:20:50,897 [INFO] ThirdParty:1030 - CMSIS Pack Vendor :STMicroelectronics ThreadX 1.0.0
2023-12-19 23:20:50,897 [INFO] ThirdParty:1030 - CMSIS Pack Vendor :STMicroelectronics FP-SNS-SMARTAG2 1.2.0
2023-12-19 23:20:50,897 [INFO] ThirdParty:1030 - CMSIS Pack Vendor :STMicroelectronics X-CUBE-AZRTOS-WL 2.0.0
2023-12-19 23:20:50,897 [INFO] ThirdParty:1030 - CMSIS Pack Vendor :SEGGER I-CUBE-embOS 1.3.1
2023-12-19 23:20:50,897 [INFO] ThirdParty:1030 - CMSIS Pack Vendor :STMicroelectronics USB_DEVICE 1.0.0
2023-12-19 23:20:50,897 [INFO] ThirdParty:1030 - CMSIS Pack Vendor :STMicroelectronics X-CUBE-AI 8.1.0
2023-12-19 23:20:50,897 [INFO] ThirdParty:1030 - CMSIS Pack Vendor :STMicroelectronics X-CUBE-AZRTOS-L4 2.0.0
2023-12-19 23:20:50,897 [INFO] ThirdParty:1030 - CMSIS Pack Vendor :STMicroelectronics ThreadX 0.0.2
2023-12-19 23:20:50,897 [INFO] ThirdParty:1030 - CMSIS Pack Vendor :WES I-CUBE-Cesium 1.3.0
2023-12-19 23:20:50,897 [INFO] ThirdParty:1030 - CMSIS Pack Vendor :STMicroelectronics FP-ATR-ASTRA1 2.0.0
2023-12-19 23:20:50,897 [INFO] ThirdParty:1030 - CMSIS Pack Vendor :STMicroelectronics lwIP 2.1.2
2023-12-19 23:20:50,897 [INFO] ThirdParty:1030 - CMSIS Pack Vendor :STMicroelectronics X-CUBE-SFXS2LP1 4.0.0
2023-12-19 23:20:50,897 [INFO] ThirdParty:1030 - CMSIS Pack Vendor :STMicroelectronics X-CUBE-BLE2 3.3.0
2023-12-19 23:20:50,897 [INFO] ThirdParty:1030 - CMSIS Pack Vendor :STMicroelectronics X-CUBE-TOF1 3.4.0
2023-12-19 23:20:50,897 [INFO] ThirdParty:1030 - CMSIS Pack Vendor :STMicroelectronics X-CUBE-AZRTOS-H7 3.2.0
2023-12-19 23:20:50,898 [INFO] ThirdParty:1030 - CMSIS Pack Vendor :STMicroelectronics PDM2PCM 3.2.0
2023-12-19 23:20:50,898 [INFO] ThirdParty:841 - exiting critical section [change project]
2023-12-19 23:20:51,100 [INFO] PinOutPanel:1499 - setPackage(No Configuration,No Configuration)
2023-12-19 23:20:51,101 [INFO] PinOutPanel:1499 - setPackage(STM32F103C6Ux,UFQFPN48)
2023-12-19 23:20:51,612 [INFO] UtilMem:75 - Before build in PCC Used Memory: 543510072 Bytes (966787072)
2023-12-19 23:20:52,435 [INFO] UtilMem:75 - After build in PCC Used Memory: 631064120 Bytes (966787072)
2023-12-19 23:20:52,458 [INFO] IPUIPlugin:80 - create IPUIPlugin
2023-12-19 23:20:52,458 [INFO] IPUIPlugin:80 - create IPUIPlugin
2023-12-19 23:20:52,458 [INFO] IPUIPlugin:80 - create IPUIPlugin
2023-12-19 23:20:52,459 [INFO] IPUIPlugin:80 - create IPUIPlugin
2023-12-19 23:20:52,459 [INFO] IPUIPlugin:80 - create IPUIPlugin
2023-12-19 23:20:52,459 [INFO] IPUIPlugin:80 - create IPUIPlugin
2023-12-19 23:20:52,459 [INFO] IPUIPlugin:80 - create IPUIPlugin
2023-12-19 23:20:52,459 [INFO] IPUIPlugin:80 - create IPUIPlugin
2023-12-19 23:20:52,459 [INFO] IPUIPlugin:80 - create IPUIPlugin
2023-12-19 23:20:52,459 [INFO] IPUIPlugin:80 - create IPUIPlugin
2023-12-19 23:20:52,460 [INFO] IPUIPlugin:80 - create IPUIPlugin
2023-12-19 23:20:52,460 [INFO] IPUIPlugin:80 - create IPUIPlugin
2023-12-19 23:20:52,460 [INFO] IPUIPlugin:80 - create IPUIPlugin
2023-12-19 23:20:52,460 [INFO] IPUIPlugin:80 - create IPUIPlugin
2023-12-19 23:20:52,461 [INFO] IPUIPlugin:80 - create IPUIPlugin
2023-12-19 23:20:52,461 [INFO] IPUIPlugin:80 - create IPUIPlugin
2023-12-19 23:20:52,461 [INFO] IPUIPlugin:80 - create IPUIPlugin
2023-12-19 23:20:52,461 [INFO] IPUIPlugin:80 - create IPUIPlugin
2023-12-19 23:20:52,461 [INFO] IPUIPlugin:80 - create IPUIPlugin
2023-12-19 23:20:52,462 [INFO] IPUIPlugin:80 - create IPUIPlugin
2023-12-19 23:20:52,462 [INFO] IPUIPlugin:80 - create IPUIPlugin
2023-12-19 23:20:52,462 [INFO] IPUIPlugin:80 - create IPUIPlugin
2023-12-19 23:20:52,463 [INFO] IPUIPlugin:80 - create IPUIPlugin
2023-12-19 23:20:52,669 [INFO] CADModel:165 - CPN selected for project levelSTM32F103C6U6A
2023-12-19 23:20:52,669 [INFO] CADModel:114 - Register for checkConnection events
2023-12-19 23:20:52,716 [INFO] OpenFileManager:328 - Restore cursor
2023-12-19 23:20:54,331 [INFO] UtilMem:75 - End SaveConfig() Used Memory: 704990776 Bytes (966787072)
2023-12-19 23:20:54,385 [INFO] UtilMem:75 - End SaveConfig() Used Memory: 715476536 Bytes (966787072)
2023-12-19 23:20:54,713 [INFO] BlockDiagram:2759 - set Specific Code input for plugin: NVIC
2023-12-19 23:20:54,713 [INFO] BlockDiagram:2759 - set Specific Code input for plugin: RCC
2023-12-19 23:20:54,714 [INFO] CodeGenerator:799 - code generatio: config db path: C:\Program Files (x86)\STM32CubeIDE_1.13.1\STM32CubeIDE\plugins\com.st.stm32cube.common.mx_6.9.1.202307191849\\db\
2023-12-19 23:20:54,922 [INFO] CodeEngine:255 - oldGeneratedFile, D:\ADMINISTRATOR\ProgramFile\GitHub\Lab4_Scheduler\STM\Lab4\MXTmpFiles\license.tmp_save
2023-12-19 23:20:55,347 [INFO] CodeEngine:279 - Generated code: D:\ADMINISTRATOR\ProgramFile\GitHub\Lab4_Scheduler\STM\Lab4\MXTmpFiles\license.tmp
2023-12-19 23:20:55,369 [INFO] CodeEngine:255 - oldGeneratedFile, D:\ADMINISTRATOR\ProgramFile\GitHub\Lab4_Scheduler\STM\Lab4\Core\Src\stm32f1xx_it.c_save
2023-12-19 23:20:55,531 [INFO] CodeEngine:279 - Generated code: D:\ADMINISTRATOR\ProgramFile\GitHub\Lab4_Scheduler\STM\Lab4\Core\Src\stm32f1xx_it.c
2023-12-19 23:20:55,540 [INFO] CodeEngine:255 - oldGeneratedFile, D:\ADMINISTRATOR\ProgramFile\GitHub\Lab4_Scheduler\STM\Lab4\Core\Inc\stm32f1xx_it.h_save
2023-12-19 23:20:55,635 [INFO] CodeEngine:279 - Generated code: D:\ADMINISTRATOR\ProgramFile\GitHub\Lab4_Scheduler\STM\Lab4\Core\Inc\stm32f1xx_it.h
2023-12-19 23:20:55,761 [INFO] CodeEngine:255 - oldGeneratedFile, D:\ADMINISTRATOR\ProgramFile\GitHub\Lab4_Scheduler\STM\Lab4\Core\Src\stm32f1xx_hal_msp.c_save
2023-12-19 23:20:55,895 [INFO] CodeEngine:279 - Generated code: D:\ADMINISTRATOR\ProgramFile\GitHub\Lab4_Scheduler\STM\Lab4\Core\Src\stm32f1xx_hal_msp.c
2023-12-19 23:20:55,905 [INFO] CodeEngine:255 - oldGeneratedFile, D:\ADMINISTRATOR\ProgramFile\GitHub\Lab4_Scheduler\STM\Lab4\MXTmpFiles\system.tmp_save
2023-12-19 23:20:55,975 [INFO] CodeEngine:279 - Generated code: D:\ADMINISTRATOR\ProgramFile\GitHub\Lab4_Scheduler\STM\Lab4\MXTmpFiles\system.tmp
2023-12-19 23:20:55,995 [INFO] CodeEngine:311 - oldGeneratedFile, D:\ADMINISTRATOR\ProgramFile\GitHub\Lab4_Scheduler\STM\Lab4\Core\Inc\stm32f1xx_hal_conf.h_save
2023-12-19 23:20:56,104 [INFO] CodeEngine:335 - Generated code: D:\ADMINISTRATOR\ProgramFile\GitHub\Lab4_Scheduler\STM\Lab4\Core\Inc\stm32f1xx_hal_conf.h
2023-12-19 23:20:56,166 [INFO] CodeEngine:255 - oldGeneratedFile, D:\ADMINISTRATOR\ProgramFile\GitHub\Lab4_Scheduler\STM\Lab4\Core\Inc\main.h_save
2023-12-19 23:20:56,287 [INFO] CodeEngine:279 - Generated code: D:\ADMINISTRATOR\ProgramFile\GitHub\Lab4_Scheduler\STM\Lab4\Core\Inc\main.h
2023-12-19 23:20:56,300 [INFO] CodeEngine:255 - oldGeneratedFile, D:\ADMINISTRATOR\ProgramFile\GitHub\Lab4_Scheduler\STM\Lab4\Core\Src\main.c_save
2023-12-19 23:20:56,436 [INFO] CodeEngine:279 - Generated code: D:\ADMINISTRATOR\ProgramFile\GitHub\Lab4_Scheduler\STM\Lab4\Core\Src\main.c
2023-12-19 23:20:56,955 [INFO] ProjectBuilder:3064 - Time for Copy HAL[1] : 128mS.
2023-12-19 23:20:56,960 [INFO] ProjectBuilder:4404 - Project Generator version: 4.1.0
2023-12-19 23:20:57,298 [INFO] ConfigFileManager:1457 - The Die is : DIE412
2023-12-19 23:20:57,313 [INFO] ApiDbMcu:507 - Load IP Config File for FATFS
2023-12-19 23:20:57,325 [INFO] ApiDbMcu:507 - Load IP Config File for FREERTOS
2023-12-19 23:20:57,338 [INFO] ApiDbMcu:507 - Load IP Config File for USB_DEVICE
2023-12-19 23:20:58,451 [INFO] LogOutputStream:77 - [STDOUT_REDIRECT] 
2023-12-19 23:21:01,703 [INFO] ProjectBuilder:4626 - Time for Generating toolchain IDE Files: 4741mS.
2023-12-19 23:21:01,704 [INFO] ProjectBuilder:2935 - Time for Copy CMSIS : 0mS.
2023-12-19 23:21:01,705 [INFO] ProjectBuilder:2935 - Time for Copy CMSIS : 0mS.
2023-12-19 23:21:03,058 [INFO] McuFinderGlobals:76 - Set McuFinderConnectedMode to true
2023-12-19 23:21:03,062 [INFO] ApiDb:448 - Save user favorites file C:\Users\DELL/.stm32cubeide/favorites.mcus.txt: 0 item(s)
2023-12-19 23:21:03,063 [INFO] ApiDb:452 - User favorites MCUs=[]
2023-12-19 23:34:21,478 [INFO] UtilMem:75 - End SaveConfig() Used Memory: 319612208 Bytes (587202560)
2023-12-19 23:34:22,711 [INFO] UtilMem:75 - End SaveConfig() Used Memory: 341452632 Bytes (587202560)
2023-12-19 23:34:24,800 [INFO] UtilMem:75 - End SaveConfig() Used Memory: 470607128 Bytes (587202560)
2023-12-19 23:34:25,175 [INFO] BlockDiagram:2759 - set Specific Code input for plugin: NVIC
2023-12-19 23:34:25,176 [INFO] BlockDiagram:2759 - set Specific Code input for plugin: GPIO
2023-12-19 23:34:25,176 [INFO] BlockDiagram:2759 - set Specific Code input for plugin: RCC
2023-12-19 23:34:25,177 [INFO] CodeGenerator:799 - code generatio: config db path: C:\Program Files (x86)\STM32CubeIDE_1.13.1\STM32CubeIDE\plugins\com.st.stm32cube.common.mx_6.9.1.202307191849\\db\
2023-12-19 23:34:25,297 [INFO] CodeEngine:255 - oldGeneratedFile, D:\ADMINISTRATOR\ProgramFile\GitHub\Lab4_Scheduler\STM\Lab4\MXTmpFiles\license.tmp_save
2023-12-19 23:34:25,412 [INFO] CodeEngine:279 - Generated code: D:\ADMINISTRATOR\ProgramFile\GitHub\Lab4_Scheduler\STM\Lab4\MXTmpFiles\license.tmp
2023-12-19 23:34:25,479 [INFO] CodeEngine:255 - oldGeneratedFile, D:\ADMINISTRATOR\ProgramFile\GitHub\Lab4_Scheduler\STM\Lab4\MXTmpFiles\gpio.tmp_save
2023-12-19 23:34:25,591 [INFO] CodeEngine:279 - Generated code: D:\ADMINISTRATOR\ProgramFile\GitHub\Lab4_Scheduler\STM\Lab4\MXTmpFiles\gpio.tmp
2023-12-19 23:34:25,611 [INFO] CodeEngine:255 - oldGeneratedFile, D:\ADMINISTRATOR\ProgramFile\GitHub\Lab4_Scheduler\STM\Lab4\Core\Src\stm32f1xx_it.c_save
2023-12-19 23:34:25,708 [INFO] CodeEngine:279 - Generated code: D:\ADMINISTRATOR\ProgramFile\GitHub\Lab4_Scheduler\STM\Lab4\Core\Src\stm32f1xx_it.c
2023-12-19 23:34:25,713 [INFO] CodeEngine:255 - oldGeneratedFile, D:\ADMINISTRATOR\ProgramFile\GitHub\Lab4_Scheduler\STM\Lab4\Core\Inc\stm32f1xx_it.h_save
2023-12-19 23:34:25,786 [INFO] CodeEngine:279 - Generated code: D:\ADMINISTRATOR\ProgramFile\GitHub\Lab4_Scheduler\STM\Lab4\Core\Inc\stm32f1xx_it.h
2023-12-19 23:34:25,815 [INFO] CodeEngine:255 - oldGeneratedFile, D:\ADMINISTRATOR\ProgramFile\GitHub\Lab4_Scheduler\STM\Lab4\Core\Src\stm32f1xx_hal_msp.c_save
2023-12-19 23:34:25,900 [INFO] CodeEngine:279 - Generated code: D:\ADMINISTRATOR\ProgramFile\GitHub\Lab4_Scheduler\STM\Lab4\Core\Src\stm32f1xx_hal_msp.c
2023-12-19 23:34:25,904 [INFO] CodeEngine:255 - oldGeneratedFile, D:\ADMINISTRATOR\ProgramFile\GitHub\Lab4_Scheduler\STM\Lab4\MXTmpFiles\system.tmp_save
2023-12-19 23:34:25,957 [INFO] CodeEngine:279 - Generated code: D:\ADMINISTRATOR\ProgramFile\GitHub\Lab4_Scheduler\STM\Lab4\MXTmpFiles\system.tmp
2023-12-19 23:34:25,976 [INFO] CodeEngine:311 - oldGeneratedFile, D:\ADMINISTRATOR\ProgramFile\GitHub\Lab4_Scheduler\STM\Lab4\Core\Inc\stm32f1xx_hal_conf.h_save
2023-12-19 23:34:26,082 [INFO] CodeEngine:335 - Generated code: D:\ADMINISTRATOR\ProgramFile\GitHub\Lab4_Scheduler\STM\Lab4\Core\Inc\stm32f1xx_hal_conf.h
2023-12-19 23:34:26,145 [INFO] CodeEngine:255 - oldGeneratedFile, D:\ADMINISTRATOR\ProgramFile\GitHub\Lab4_Scheduler\STM\Lab4\Core\Inc\main.h_save
2023-12-19 23:34:26,270 [INFO] CodeEngine:279 - Generated code: D:\ADMINISTRATOR\ProgramFile\GitHub\Lab4_Scheduler\STM\Lab4\Core\Inc\main.h
2023-12-19 23:34:26,289 [INFO] CodeEngine:255 - oldGeneratedFile, D:\ADMINISTRATOR\ProgramFile\GitHub\Lab4_Scheduler\STM\Lab4\Core\Src\main.c_save
2023-12-19 23:34:26,391 [INFO] CodeEngine:279 - Generated code: D:\ADMINISTRATOR\ProgramFile\GitHub\Lab4_Scheduler\STM\Lab4\Core\Src\main.c
2023-12-19 23:34:26,913 [INFO] ProjectBuilder:3064 - Time for Copy HAL[1] : 140mS.
2023-12-19 23:34:26,915 [INFO] ProjectBuilder:4404 - Project Generator version: 4.1.0
2023-12-19 23:34:27,156 [INFO] ConfigFileManager:1457 - The Die is : DIE412
2023-12-19 23:34:28,808 [INFO] ProjectBuilder:4626 - Time for Generating toolchain IDE Files: 1892mS.
2023-12-19 23:34:28,808 [INFO] ProjectBuilder:2935 - Time for Copy CMSIS : 0mS.
2023-12-19 23:34:28,810 [INFO] ProjectBuilder:2935 - Time for Copy CMSIS : 0mS.
2023-12-19 23:34:53,679 [INFO] NvicIntPanel:101 - NVIC parent = com.st.microxplorer.plugins.ip.nvic.MultiNvicIntPanel[,0,0,450x161,layout=javax.swing.BoxLayout,alignmentX=0.0,alignmentY=0.0,border=,flags=9,maximumSize=,minimumSize=,preferredSize=]
2023-12-19 23:35:12,279 [INFO] UtilMem:75 - End SaveConfig() Used Memory: 434170568 Bytes (801112064)
2023-12-19 23:35:13,289 [INFO] UtilMem:75 - End SaveConfig() Used Memory: 454778560 Bytes (801112064)
2023-12-19 23:35:14,367 [INFO] UtilMem:75 - End SaveConfig() Used Memory: 480123016 Bytes (801112064)
2023-12-19 23:35:14,519 [INFO] BlockDiagram:2759 - set Specific Code input for plugin: NVIC
2023-12-19 23:35:14,519 [INFO] BlockDiagram:2759 - set Specific Code input for plugin: GPIO
2023-12-19 23:35:14,519 [INFO] BlockDiagram:2759 - set Specific Code input for plugin: RCC
2023-12-19 23:35:14,519 [INFO] BlockDiagram:2759 - set Specific Code input for plugin: TIM1_8F1
2023-12-19 23:35:14,520 [INFO] CodeGenerator:799 - code generatio: config db path: C:\Program Files (x86)\STM32CubeIDE_1.13.1\STM32CubeIDE\plugins\com.st.stm32cube.common.mx_6.9.1.202307191849\\db\
2023-12-19 23:35:14,721 [INFO] CodeEngine:255 - oldGeneratedFile, D:\ADMINISTRATOR\ProgramFile\GitHub\Lab4_Scheduler\STM\Lab4\MXTmpFiles\license.tmp_save
2023-12-19 23:35:14,866 [INFO] CodeEngine:279 - Generated code: D:\ADMINISTRATOR\ProgramFile\GitHub\Lab4_Scheduler\STM\Lab4\MXTmpFiles\license.tmp
2023-12-19 23:35:14,884 [INFO] CodeEngine:255 - oldGeneratedFile, D:\ADMINISTRATOR\ProgramFile\GitHub\Lab4_Scheduler\STM\Lab4\MXTmpFiles\gpio.tmp_save
2023-12-19 23:35:14,974 [INFO] CodeEngine:279 - Generated code: D:\ADMINISTRATOR\ProgramFile\GitHub\Lab4_Scheduler\STM\Lab4\MXTmpFiles\gpio.tmp
2023-12-19 23:35:15,053 [INFO] CodeEngine:255 - oldGeneratedFile, D:\ADMINISTRATOR\ProgramFile\GitHub\Lab4_Scheduler\STM\Lab4\Core\Src\stm32f1xx_it.c_save
2023-12-19 23:35:15,130 [INFO] CodeEngine:279 - Generated code: D:\ADMINISTRATOR\ProgramFile\GitHub\Lab4_Scheduler\STM\Lab4\Core\Src\stm32f1xx_it.c
2023-12-19 23:35:15,135 [INFO] CodeEngine:255 - oldGeneratedFile, D:\ADMINISTRATOR\ProgramFile\GitHub\Lab4_Scheduler\STM\Lab4\Core\Inc\stm32f1xx_it.h_save
2023-12-19 23:35:15,187 [INFO] CodeEngine:279 - Generated code: D:\ADMINISTRATOR\ProgramFile\GitHub\Lab4_Scheduler\STM\Lab4\Core\Inc\stm32f1xx_it.h
2023-12-19 23:35:15,218 [INFO] CodeEngine:255 - oldGeneratedFile, D:\ADMINISTRATOR\ProgramFile\GitHub\Lab4_Scheduler\STM\Lab4\Core\Src\stm32f1xx_hal_msp.c_save
2023-12-19 23:35:15,337 [INFO] CodeEngine:279 - Generated code: D:\ADMINISTRATOR\ProgramFile\GitHub\Lab4_Scheduler\STM\Lab4\Core\Src\stm32f1xx_hal_msp.c
2023-12-19 23:35:15,340 [INFO] CodeEngine:255 - oldGeneratedFile, D:\ADMINISTRATOR\ProgramFile\GitHub\Lab4_Scheduler\STM\Lab4\MXTmpFiles\system.tmp_save
2023-12-19 23:35:15,398 [INFO] CodeEngine:279 - Generated code: D:\ADMINISTRATOR\ProgramFile\GitHub\Lab4_Scheduler\STM\Lab4\MXTmpFiles\system.tmp
2023-12-19 23:35:15,416 [INFO] CodeEngine:311 - oldGeneratedFile, D:\ADMINISTRATOR\ProgramFile\GitHub\Lab4_Scheduler\STM\Lab4\Core\Inc\stm32f1xx_hal_conf.h_save
2023-12-19 23:35:15,538 [INFO] CodeEngine:335 - Generated code: D:\ADMINISTRATOR\ProgramFile\GitHub\Lab4_Scheduler\STM\Lab4\Core\Inc\stm32f1xx_hal_conf.h
2023-12-19 23:35:15,570 [WARN] IPConfigManager:3431 - IP not found : TIM
2023-12-19 23:35:15,570 [WARN] CodeGenerator:3760 - IP not found : null
2023-12-19 23:35:15,591 [INFO] CodeEngine:255 - oldGeneratedFile, D:\ADMINISTRATOR\ProgramFile\GitHub\Lab4_Scheduler\STM\Lab4\Core\Inc\main.h_save
2023-12-19 23:35:15,672 [INFO] CodeEngine:279 - Generated code: D:\ADMINISTRATOR\ProgramFile\GitHub\Lab4_Scheduler\STM\Lab4\Core\Inc\main.h
2023-12-19 23:35:15,689 [INFO] CodeEngine:255 - oldGeneratedFile, D:\ADMINISTRATOR\ProgramFile\GitHub\Lab4_Scheduler\STM\Lab4\Core\Src\main.c_save
2023-12-19 23:35:15,811 [INFO] CodeEngine:279 - Generated code: D:\ADMINISTRATOR\ProgramFile\GitHub\Lab4_Scheduler\STM\Lab4\Core\Src\main.c
2023-12-19 23:35:16,239 [INFO] ProjectBuilder:3064 - Time for Copy HAL[1] : 82mS.
2023-12-19 23:35:16,241 [INFO] ProjectBuilder:4404 - Project Generator version: 4.1.0
2023-12-19 23:35:16,397 [INFO] ConfigFileManager:1457 - The Die is : DIE412
2023-12-19 23:35:17,733 [INFO] ProjectBuilder:4626 - Time for Generating toolchain IDE Files: 1492mS.
2023-12-19 23:35:17,734 [INFO] ProjectBuilder:2935 - Time for Copy CMSIS : 1mS.
2023-12-19 23:35:17,736 [INFO] ProjectBuilder:2935 - Time for Copy CMSIS : 0mS.
2023-12-19 23:37:01,793 [INFO] NvicIntPanel:101 - NVIC parent = com.st.microxplorer.plugins.ip.nvic.MultiNvicIntPanel[,0,0,450x161,layout=javax.swing.BoxLayout,alignmentX=0.0,alignmentY=0.0,border=,flags=9,maximumSize=,minimumSize=,preferredSize=]
2023-12-19 23:37:03,460 [INFO] NvicIntPanel:101 - NVIC parent = com.st.microxplorer.plugins.ip.nvic.MultiNvicIntPanel[,0,0,0x0,invalid,layout=javax.swing.BoxLayout,alignmentX=0.0,alignmentY=0.0,border=,flags=9,maximumSize=,minimumSize=,preferredSize=]
2023-12-19 23:37:15,626 [INFO] NvicIntPanel:101 - NVIC parent = com.st.microxplorer.plugins.ip.nvic.MultiNvicIntPanel[,0,0,0x0,invalid,layout=javax.swing.BoxLayout,alignmentX=0.0,alignmentY=0.0,border=,flags=9,maximumSize=,minimumSize=,preferredSize=]
2023-12-19 23:37:19,931 [INFO] NvicIntPanel:101 - NVIC parent = com.st.microxplorer.plugins.ip.nvic.MultiNvicIntPanel[,0,0,0x0,invalid,layout=javax.swing.BoxLayout,alignmentX=0.0,alignmentY=0.0,border=,flags=9,maximumSize=,minimumSize=,preferredSize=]
2023-12-19 23:37:28,943 [INFO] UtilMem:75 - End SaveConfig() Used Memory: 266788848 Bytes (832569344)
2023-12-19 23:37:30,311 [INFO] UtilMem:75 - End SaveConfig() Used Memory: 236569408 Bytes (786432000)
2023-12-19 23:37:31,506 [INFO] UtilMem:75 - End SaveConfig() Used Memory: 260884288 Bytes (786432000)
2023-12-19 23:37:31,666 [INFO] BlockDiagram:2759 - set Specific Code input for plugin: NVIC
2023-12-19 23:37:31,667 [INFO] BlockDiagram:2759 - set Specific Code input for plugin: GPIO
2023-12-19 23:37:31,667 [INFO] BlockDiagram:2759 - set Specific Code input for plugin: RCC
2023-12-19 23:37:31,667 [INFO] BlockDiagram:2759 - set Specific Code input for plugin: TIM1_8F1
2023-12-19 23:37:31,667 [INFO] CodeGenerator:799 - code generatio: config db path: C:\Program Files (x86)\STM32CubeIDE_1.13.1\STM32CubeIDE\plugins\com.st.stm32cube.common.mx_6.9.1.202307191849\\db\
2023-12-19 23:37:31,782 [INFO] CodeEngine:255 - oldGeneratedFile, D:\ADMINISTRATOR\ProgramFile\GitHub\Lab4_Scheduler\STM\Lab4\MXTmpFiles\license.tmp_save
2023-12-19 23:37:31,863 [INFO] CodeEngine:279 - Generated code: D:\ADMINISTRATOR\ProgramFile\GitHub\Lab4_Scheduler\STM\Lab4\MXTmpFiles\license.tmp
2023-12-19 23:37:31,878 [INFO] CodeEngine:255 - oldGeneratedFile, D:\ADMINISTRATOR\ProgramFile\GitHub\Lab4_Scheduler\STM\Lab4\MXTmpFiles\gpio.tmp_save
2023-12-19 23:37:31,960 [INFO] CodeEngine:279 - Generated code: D:\ADMINISTRATOR\ProgramFile\GitHub\Lab4_Scheduler\STM\Lab4\MXTmpFiles\gpio.tmp
2023-12-19 23:37:31,998 [INFO] CodeEngine:255 - oldGeneratedFile, D:\ADMINISTRATOR\ProgramFile\GitHub\Lab4_Scheduler\STM\Lab4\Core\Src\stm32f1xx_it.c_save
2023-12-19 23:37:32,119 [INFO] CodeEngine:279 - Generated code: D:\ADMINISTRATOR\ProgramFile\GitHub\Lab4_Scheduler\STM\Lab4\Core\Src\stm32f1xx_it.c
2023-12-19 23:37:32,124 [INFO] CodeEngine:255 - oldGeneratedFile, D:\ADMINISTRATOR\ProgramFile\GitHub\Lab4_Scheduler\STM\Lab4\Core\Inc\stm32f1xx_it.h_save
2023-12-19 23:37:32,194 [INFO] CodeEngine:279 - Generated code: D:\ADMINISTRATOR\ProgramFile\GitHub\Lab4_Scheduler\STM\Lab4\Core\Inc\stm32f1xx_it.h
2023-12-19 23:37:32,224 [INFO] CodeEngine:255 - oldGeneratedFile, D:\ADMINISTRATOR\ProgramFile\GitHub\Lab4_Scheduler\STM\Lab4\Core\Src\stm32f1xx_hal_msp.c_save
2023-12-19 23:37:32,324 [INFO] CodeEngine:279 - Generated code: D:\ADMINISTRATOR\ProgramFile\GitHub\Lab4_Scheduler\STM\Lab4\Core\Src\stm32f1xx_hal_msp.c
2023-12-19 23:37:32,328 [INFO] CodeEngine:255 - oldGeneratedFile, D:\ADMINISTRATOR\ProgramFile\GitHub\Lab4_Scheduler\STM\Lab4\MXTmpFiles\system.tmp_save
2023-12-19 23:37:32,382 [INFO] CodeEngine:279 - Generated code: D:\ADMINISTRATOR\ProgramFile\GitHub\Lab4_Scheduler\STM\Lab4\MXTmpFiles\system.tmp
2023-12-19 23:37:32,409 [INFO] CodeEngine:311 - oldGeneratedFile, D:\ADMINISTRATOR\ProgramFile\GitHub\Lab4_Scheduler\STM\Lab4\Core\Inc\stm32f1xx_hal_conf.h_save
2023-12-19 23:37:32,522 [INFO] CodeEngine:335 - Generated code: D:\ADMINISTRATOR\ProgramFile\GitHub\Lab4_Scheduler\STM\Lab4\Core\Inc\stm32f1xx_hal_conf.h
2023-12-19 23:37:32,541 [WARN] IPConfigManager:3431 - IP not found : TIM
2023-12-19 23:37:32,542 [WARN] CodeGenerator:3760 - IP not found : null
2023-12-19 23:37:32,556 [INFO] CodeEngine:255 - oldGeneratedFile, D:\ADMINISTRATOR\ProgramFile\GitHub\Lab4_Scheduler\STM\Lab4\Core\Inc\main.h_save
2023-12-19 23:37:32,625 [INFO] CodeEngine:279 - Generated code: D:\ADMINISTRATOR\ProgramFile\GitHub\Lab4_Scheduler\STM\Lab4\Core\Inc\main.h
2023-12-19 23:37:32,641 [INFO] CodeEngine:255 - oldGeneratedFile, D:\ADMINISTRATOR\ProgramFile\GitHub\Lab4_Scheduler\STM\Lab4\Core\Src\main.c_save
2023-12-19 23:37:32,732 [INFO] CodeEngine:279 - Generated code: D:\ADMINISTRATOR\ProgramFile\GitHub\Lab4_Scheduler\STM\Lab4\Core\Src\main.c
2023-12-19 23:37:33,270 [INFO] ProjectBuilder:3064 - Time for Copy HAL[1] : 103mS.
2023-12-19 23:37:33,272 [INFO] ProjectBuilder:4404 - Project Generator version: 4.1.0
2023-12-19 23:37:33,456 [INFO] ConfigFileManager:1457 - The Die is : DIE412
2023-12-19 23:37:34,584 [INFO] ProjectBuilder:4626 - Time for Generating toolchain IDE Files: 1312mS.
2023-12-19 23:37:34,585 [INFO] ProjectBuilder:2935 - Time for Copy CMSIS : 1mS.
2023-12-19 23:37:34,586 [INFO] ProjectBuilder:2935 - Time for Copy CMSIS : 0mS.
